Flow report for part6
Tue Jul 08 21:45:36 2014
Quartus II 32-bit Version 11.1 Build 259 01/25/2012 Service Pack 2 SJ Web Edition


---------------------
; Table of Contents ;
---------------------
  1. Legal Notice
  2. Flow Summary
  3. Flow Settings
  4. Flow Non-Default Global Settings
  5. Flow Elapsed Time
  6. Flow OS Summary
  7. Flow Log



----------------
; Legal Notice ;
----------------
Copyright (C) 1991-2011 Altera Corporation
Your use of Altera Corporation's design tools, logic functions 
and other software and tools, and its AMPP partner logic 
functions, and any output files from any of the foregoing 
(including device programming or simulation files), and any 
associated documentation or information are expressly subject 
to the terms and conditions of the Altera Program License 
Subscription Agreement, Altera MegaCore Function License 
Agreement, or other applicable license agreement, including, 
without limitation, that your use is for the sole purpose of 
programming logic devices manufactured by Altera and sold by 
Altera or its authorized distributors.  Please refer to the 
applicable agreement for further details.



+------------------------------------------------------------------------------------+
; Flow Summary                                                                       ;
+------------------------------------+-----------------------------------------------+
; Flow Status                        ; Successful - Tue Jul 08 21:45:36 2014         ;
; Quartus II 32-bit Version          ; 11.1 Build 259 01/25/2012 SP 2 SJ Web Edition ;
; Revision Name                      ; part6                                         ;
; Top-level Entity Name              ; part6_top                                     ;
; Family                             ; Cyclone II                                    ;
; Device                             ; EP2C5T144C8                                   ;
; Timing Models                      ; Final                                         ;
; Total logic elements               ; 196 / 4,608 ( 4 % )                           ;
;     Total combinational functions  ; 188 / 4,608 ( 4 % )                           ;
;     Dedicated logic registers      ; 103 / 4,608 ( 2 % )                           ;
; Total registers                    ; 103                                           ;
; Total pins                         ; 14 / 89 ( 16 % )                              ;
; Total virtual pins                 ; 0                                             ;
; Total memory bits                  ; 0 / 119,808 ( 0 % )                           ;
; Embedded Multiplier 9-bit elements ; 0 / 26 ( 0 % )                                ;
; Total PLLs                         ; 0 / 2 ( 0 % )                                 ;
+------------------------------------+-----------------------------------------------+


+-----------------------------------------+
; Flow Settings                           ;
+-------------------+---------------------+
; Option            ; Setting             ;
+-------------------+---------------------+
; Start date & time ; 07/08/2014 21:45:12 ;
; Main task         ; Compilation         ;
; Revision Name     ; part6               ;
+-------------------+---------------------+


+----------------------------------------------------------------------------------------------------------------------+
; Flow Non-Default Global Settings                                                                                     ;
+-------------------------------------+---------------------------------+---------------+-------------+----------------+
; Assignment Name                     ; Value                           ; Default Value ; Entity Name ; Section Id     ;
+-------------------------------------+---------------------------------+---------------+-------------+----------------+
; COMPILER_SIGNATURE_ID               ; 128497565769344.140482171200960 ; --            ; --          ; --             ;
; EDA_OUTPUT_DATA_FORMAT              ; Vhdl                            ; --            ; --          ; eda_simulation ;
; EDA_SIMULATION_TOOL                 ; ModelSim-Altera (VHDL)          ; <None>        ; --          ; --             ;
; IP_TOOL_NAME                        ; LPM_CONSTANT                    ; --            ; --          ; --             ;
; IP_TOOL_VERSION                     ; 11.1                            ; --            ; --          ; --             ;
; MAX_CORE_JUNCTION_TEMP              ; 85                              ; --            ; --          ; --             ;
; MIN_CORE_JUNCTION_TEMP              ; 0                               ; --            ; --          ; --             ;
; MISC_FILE                           ; lpm_constant0.bsf               ; --            ; --          ; --             ;
; MISC_FILE                           ; lpm_constant0.cmp               ; --            ; --          ; --             ;
; PARTITION_COLOR                     ; 16764057                        ; --            ; part6_top   ; Top            ;
; PARTITION_FITTER_PRESERVATION_LEVEL ; PLACEMENT_AND_ROUTING           ; --            ; part6_top   ; Top            ;
; PARTITION_NETLIST_TYPE              ; SOURCE                          ; --            ; part6_top   ; Top            ;
; TOP_LEVEL_ENTITY                    ; part6_top                       ; part6         ; --          ; --             ;
+-------------------------------------+---------------------------------+---------------+-------------+----------------+


+-------------------------------------------------------------------------------------------------------------------------------+
; Flow Elapsed Time                                                                                                             ;
+---------------------------+--------------+-------------------------+---------------------+------------------------------------+
; Module Name               ; Elapsed Time ; Average Processors Used ; Peak Virtual Memory ; Total CPU Time (on all processors) ;
+---------------------------+--------------+-------------------------+---------------------+------------------------------------+
; Analysis & Synthesis      ; 00:00:07     ; 1.0                     ; 320 MB              ; 00:00:03                           ;
; Fitter                    ; 00:00:03     ; 1.0                     ; 322 MB              ; 00:00:02                           ;
; Assembler                 ; 00:00:03     ; 1.0                     ; 269 MB              ; 00:00:01                           ;
; TimeQuest Timing Analyzer ; 00:00:04     ; 1.0                     ; 262 MB              ; 00:00:01                           ;
; EDA Netlist Writer        ; 00:00:01     ; 1.0                     ; 247 MB              ; 00:00:01                           ;
; Total                     ; 00:00:18     ; --                      ; --                  ; 00:00:08                           ;
+---------------------------+--------------+-------------------------+---------------------+------------------------------------+


+----------------------------------------------------------------------------------------+
; Flow OS Summary                                                                        ;
+---------------------------+------------------+-----------+------------+----------------+
; Module Name               ; Machine Hostname ; OS Name   ; OS Version ; Processor type ;
+---------------------------+------------------+-----------+------------+----------------+
; Analysis & Synthesis      ; rr-PC            ; Windows 7 ; 6.1        ; x86_64         ;
; Fitter                    ; rr-PC            ; Windows 7 ; 6.1        ; x86_64         ;
; Assembler                 ; rr-PC            ; Windows 7 ; 6.1        ; x86_64         ;
; TimeQuest Timing Analyzer ; rr-PC            ; Windows 7 ; 6.1        ; x86_64         ;
; EDA Netlist Writer        ; rr-PC            ; Windows 7 ; 6.1        ; x86_64         ;
+---------------------------+------------------+-----------+------------+----------------+


------------
; Flow Log ;
------------
quartus_map --read_settings_files=on --write_settings_files=off part6 -c part6
quartus_fit --read_settings_files=off --write_settings_files=off part6 -c part6
quartus_asm --read_settings_files=off --write_settings_files=off part6 -c part6
quartus_sta part6 -c part6
quartus_eda --read_settings_files=off --write_settings_files=off part6 -c part6



