Analysis & Synthesis report for part5
Wed Jul 02 13:14:06 2014
Quartus II 32-bit Version 11.1 Build 259 01/25/2012 Service Pack 2 SJ Web Edition


---------------------
; Table of Contents ;
---------------------
  1. Legal Notice
  2. Analysis & Synthesis Summary
  3. Analysis & Synthesis Settings
  4. Parallel Compilation
  5. Analysis & Synthesis Source Files Read
  6. Analysis & Synthesis Resource Usage Summary
  7. Analysis & Synthesis Resource Utilization by Entity
  8. Analysis & Synthesis IP Cores Summary
  9. General Register Statistics
 10. Inverted Register Statistics
 11. Multiplexer Restructuring Statistics (Restructuring Performed)
 12. Parameter Settings for User Entity Instance: lpm_decode0:inst11|lpm_decode:LPM_DECODE_component
 13. Parameter Settings for User Entity Instance: lpm_constant0:inst17|lpm_constant:LPM_CONSTANT_component
 14. Parameter Settings for User Entity Instance: lpm_constant0:inst17|lpm_constant:LPM_CONSTANT_component|lpm_constant_5h8:ag|sld_mod_ram_rom:mgl_prim1
 15. Parameter Settings for Inferred Entity Instance: sld_hub:auto_hub
 16. In-System Memory Content Editor Settings
 17. Elapsed Time Per Partition
 18. Analysis & Synthesis Messages



----------------
; Legal Notice ;
----------------
Copyright (C) 1991-2011 Altera Corporation
Your use of Altera Corporation's design tools, logic functions 
and other software and tools, and its AMPP partner logic 
functions, and any output files from any of the foregoing 
(including device programming or simulation files), and any 
associated documentation or information are expressly subject 
to the terms and conditions of the Altera Program License 
Subscription Agreement, Altera MegaCore Function License 
Agreement, or other applicable license agreement, including, 
without limitation, that your use is for the sole purpose of 
programming logic devices manufactured by Altera and sold by 
Altera or its authorized distributors.  Please refer to the 
applicable agreement for further details.



+------------------------------------------------------------------------------------+
; Analysis & Synthesis Summary                                                       ;
+------------------------------------+-----------------------------------------------+
; Analysis & Synthesis Status        ; Successful - Wed Jul 02 13:14:06 2014         ;
; Quartus II 32-bit Version          ; 11.1 Build 259 01/25/2012 SP 2 SJ Web Edition ;
; Revision Name                      ; part5                                         ;
; Top-level Entity Name              ; part5top                                      ;
; Family                             ; Cyclone II                                    ;
; Total logic elements               ; 171                                           ;
;     Total combinational functions  ; 157                                           ;
;     Dedicated logic registers      ; 97                                            ;
; Total registers                    ; 97                                            ;
; Total pins                         ; 13                                            ;
; Total virtual pins                 ; 0                                             ;
; Total memory bits                  ; 0                                             ;
; Embedded Multiplier 9-bit elements ; 0                                             ;
; Total PLLs                         ; 0                                             ;
+------------------------------------+-----------------------------------------------+


+----------------------------------------------------------------------------------------------------------------------+
; Analysis & Synthesis Settings                                                                                        ;
+----------------------------------------------------------------------------+--------------------+--------------------+
; Option                                                                     ; Setting            ; Default Value      ;
+----------------------------------------------------------------------------+--------------------+--------------------+
; Device                                                                     ; EP2C5T144C8        ;                    ;
; Top-level entity name                                                      ; part5top           ; part5              ;
; Family name                                                                ; Cyclone II         ; Cyclone IV GX      ;
; Use smart compilation                                                      ; Off                ; Off                ;
; Enable parallel Assembler and TimeQuest Timing Analyzer during compilation ; On                 ; On                 ;
; Enable compact report table                                                ; Off                ; Off                ;
; Restructure Multiplexers                                                   ; Auto               ; Auto               ;
; Create Debugging Nodes for IP Cores                                        ; Off                ; Off                ;
; Preserve fewer node names                                                  ; On                 ; On                 ;
; Disable OpenCore Plus hardware evaluation                                  ; Off                ; Off                ;
; Verilog Version                                                            ; Verilog_2001       ; Verilog_2001       ;
; VHDL Version                                                               ; VHDL_1993          ; VHDL_1993          ;
; State Machine Processing                                                   ; Auto               ; Auto               ;
; Safe State Machine                                                         ; Off                ; Off                ;
; Extract Verilog State Machines                                             ; On                 ; On                 ;
; Extract VHDL State Machines                                                ; On                 ; On                 ;
; Ignore Verilog initial constructs                                          ; Off                ; Off                ;
; Iteration limit for constant Verilog loops                                 ; 5000               ; 5000               ;
; Iteration limit for non-constant Verilog loops                             ; 250                ; 250                ;
; Add Pass-Through Logic to Inferred RAMs                                    ; On                 ; On                 ;
; Infer RAMs from Raw Logic                                                  ; On                 ; On                 ;
; Parallel Synthesis                                                         ; On                 ; On                 ;
; DSP Block Balancing                                                        ; Auto               ; Auto               ;
; NOT Gate Push-Back                                                         ; On                 ; On                 ;
; Power-Up Don't Care                                                        ; On                 ; On                 ;
; Remove Redundant Logic Cells                                               ; Off                ; Off                ;
; Remove Duplicate Registers                                                 ; On                 ; On                 ;
; Ignore CARRY Buffers                                                       ; Off                ; Off                ;
; Ignore CASCADE Buffers                                                     ; Off                ; Off                ;
; Ignore GLOBAL Buffers                                                      ; Off                ; Off                ;
; Ignore ROW GLOBAL Buffers                                                  ; Off                ; Off                ;
; Ignore LCELL Buffers                                                       ; Off                ; Off                ;
; Ignore SOFT Buffers                                                        ; On                 ; On                 ;
; Limit AHDL Integers to 32 Bits                                             ; Off                ; Off                ;
; Optimization Technique                                                     ; Balanced           ; Balanced           ;
; Carry Chain Length                                                         ; 70                 ; 70                 ;
; Auto Carry Chains                                                          ; On                 ; On                 ;
; Auto Open-Drain Pins                                                       ; On                 ; On                 ;
; Perform WYSIWYG Primitive Resynthesis                                      ; Off                ; Off                ;
; Auto ROM Replacement                                                       ; On                 ; On                 ;
; Auto RAM Replacement                                                       ; On                 ; On                 ;
; Auto Shift Register Replacement                                            ; Auto               ; Auto               ;
; Allow Shift Register Merging across Hierarchies                            ; Auto               ; Auto               ;
; Auto Clock Enable Replacement                                              ; On                 ; On                 ;
; Strict RAM Replacement                                                     ; Off                ; Off                ;
; Allow Synchronous Control Signals                                          ; On                 ; On                 ;
; Force Use of Synchronous Clear Signals                                     ; Off                ; Off                ;
; Auto RAM to Logic Cell Conversion                                          ; Off                ; Off                ;
; Auto Resource Sharing                                                      ; Off                ; Off                ;
; Allow Any RAM Size For Recognition                                         ; Off                ; Off                ;
; Allow Any ROM Size For Recognition                                         ; Off                ; Off                ;
; Allow Any Shift Register Size For Recognition                              ; Off                ; Off                ;
; Use LogicLock Constraints during Resource Balancing                        ; On                 ; On                 ;
; Ignore translate_off and synthesis_off directives                          ; Off                ; Off                ;
; Timing-Driven Synthesis                                                    ; Off                ; Off                ;
; Report Parameter Settings                                                  ; On                 ; On                 ;
; Report Source Assignments                                                  ; On                 ; On                 ;
; Report Connectivity Checks                                                 ; On                 ; On                 ;
; Ignore Maximum Fan-Out Assignments                                         ; Off                ; Off                ;
; Synchronization Register Chain Length                                      ; 2                  ; 2                  ;
; PowerPlay Power Optimization                                               ; Normal compilation ; Normal compilation ;
; HDL message level                                                          ; Level2             ; Level2             ;
; Suppress Register Optimization Related Messages                            ; Off                ; Off                ;
; Number of Removed Registers Reported in Synthesis Report                   ; 5000               ; 5000               ;
; Number of Inverted Registers Reported in Synthesis Report                  ; 100                ; 100                ;
; Clock MUX Protection                                                       ; On                 ; On                 ;
; Auto Gated Clock Conversion                                                ; Off                ; Off                ;
; Block Design Naming                                                        ; Auto               ; Auto               ;
; SDC constraint protection                                                  ; Off                ; Off                ;
; Synthesis Effort                                                           ; Auto               ; Auto               ;
; Shift Register Replacement - Allow Asynchronous Clear Signal               ; On                 ; On                 ;
; Analysis & Synthesis Message Level                                         ; Medium             ; Medium             ;
; Disable Register Merging Across Hierarchies                                ; Auto               ; Auto               ;
; Resource Aware Inference For Block RAM                                     ; On                 ; On                 ;
; Synthesis Seed                                                             ; 1                  ; 1                  ;
+----------------------------------------------------------------------------+--------------------+--------------------+


Parallel compilation was disabled, but you have multiple processors available. Enable parallel compilation to reduce compilation time.
+-------------------------------------+
; Parallel Compilation                ;
+----------------------------+--------+
; Processors                 ; Number ;
+----------------------------+--------+
; Number detected on machine ; 4      ;
; Maximum allowed            ; 1      ;
+----------------------------+--------+


+------------------------------------------------------------------------------------------------------------------------------------------------------------------------------------------------------------------------------------------------------------------------------------------------------------------------+
; Analysis & Synthesis Source Files Read                                                                                                                                                                                                                                                                                 ;
+----------------------------------------------------------------------------------------------------------------------------+-----------------+------------------------------------+------------------------------------------------------------------------------------------------------------------------------------+
; File Name with User-Entered Path                                                                                           ; Used in Netlist ; File Type                          ; File Name with Absolute Path                                                                                                       ;
+----------------------------------------------------------------------------------------------------------------------------+-----------------+------------------------------------+------------------------------------------------------------------------------------------------------------------------------------+
; part5.vhd                                                                                                                  ; yes             ; User VHDL File                     ; C:/Users/rr/Documents/GitHub/fpga_experiments/small_board/LABS/digital_logic/vhdl/lab1/part5/M21EDAversion/part5.vhd               ;
; mux_2bit_3to1.vhd                                                                                                          ; yes             ; User VHDL File                     ; C:/Users/rr/Documents/GitHub/fpga_experiments/small_board/LABS/digital_logic/vhdl/lab1/part5/M21EDAversion/mux_2bit_3to1.vhd       ;
; char_7seg.vhd                                                                                                              ; yes             ; User VHDL File                     ; C:/Users/rr/Documents/GitHub/fpga_experiments/small_board/LABS/digital_logic/vhdl/lab1/part5/M21EDAversion/char_7seg.vhd           ;
; lpm_decode0.vhd                                                                                                            ; yes             ; User Wizard-Generated File         ; C:/Users/rr/Documents/GitHub/fpga_experiments/small_board/LABS/digital_logic/vhdl/lab1/part5/M21EDAversion/lpm_decode0.vhd         ;
; part5top.bdf                                                                                                               ; yes             ; User Block Diagram/Schematic File  ; C:/Users/rr/Documents/GitHub/fpga_experiments/small_board/LABS/digital_logic/vhdl/lab1/part5/M21EDAversion/part5top.bdf            ;
; lpm_constant0.vhd                                                                                                          ; yes             ; User Wizard-Generated File         ; C:/Users/rr/Documents/GitHub/fpga_experiments/small_board/LABS/digital_logic/vhdl/lab1/part5/M21EDAversion/lpm_constant0.vhd       ;
; clkdiv.vhd                                                                                                                 ; yes             ; User VHDL File                     ; C:/Users/rr/Documents/GitHub/fpga_experiments/small_board/LABS/digital_logic/vhdl/lab1/part5/M21EDAversion/clkdiv.vhd              ;
; lpm_decode.tdf                                                                                                             ; yes             ; Megafunction                       ; c:/altera/11.1/quartus/libraries/megafunctions/lpm_decode.tdf                                                                      ;
; declut.inc                                                                                                                 ; yes             ; Megafunction                       ; c:/altera/11.1/quartus/libraries/megafunctions/declut.inc                                                                          ;
; altshift.inc                                                                                                               ; yes             ; Megafunction                       ; c:/altera/11.1/quartus/libraries/megafunctions/altshift.inc                                                                        ;
; lpm_compare.inc                                                                                                            ; yes             ; Megafunction                       ; c:/altera/11.1/quartus/libraries/megafunctions/lpm_compare.inc                                                                     ;
; lpm_constant.inc                                                                                                           ; yes             ; Megafunction                       ; c:/altera/11.1/quartus/libraries/megafunctions/lpm_constant.inc                                                                    ;
; aglobal111.inc                                                                                                             ; yes             ; Megafunction                       ; c:/altera/11.1/quartus/libraries/megafunctions/aglobal111.inc                                                                      ;
; db/decode_n6f.tdf                                                                                                          ; yes             ; Auto-Generated Megafunction        ; C:/Users/rr/Documents/GitHub/fpga_experiments/small_board/LABS/digital_logic/vhdl/lab1/part5/M21EDAversion/db/decode_n6f.tdf       ;
; lpm_constant.tdf                                                                                                           ; yes             ; Megafunction                       ; c:/altera/11.1/quartus/libraries/megafunctions/lpm_constant.tdf                                                                    ;
; db/lpm_constant_5h8.tdf                                                                                                    ; yes             ; Auto-Generated Megafunction        ; C:/Users/rr/Documents/GitHub/fpga_experiments/small_board/LABS/digital_logic/vhdl/lab1/part5/M21EDAversion/db/lpm_constant_5h8.tdf ;
; sld_mod_ram_rom.vhd                                                                                                        ; yes             ; Encrypted Megafunction             ; c:/altera/11.1/quartus/libraries/megafunctions/sld_mod_ram_rom.vhd                                                                 ;
; sld_rom_sr.vhd                                                                                                             ; yes             ; Encrypted Megafunction             ; c:/altera/11.1/quartus/libraries/megafunctions/sld_rom_sr.vhd                                                                      ;
; sld_hub.vhd                                                                                                                ; yes             ; Encrypted Megafunction             ; c:/altera/11.1/quartus/libraries/megafunctions/sld_hub.vhd                                                                         ;
; lpm_counter1.vhd                                                                                                           ; yes             ; User Wizard-Generated File         ; lpm_counter1.vhd                                                                                                                   ;
; c:/altera/11.1/quartus/libraries/megafunctions/lpm_counter.tdf                                                             ; yes             ; Megafunction                       ; c:/altera/11.1/quartus/libraries/megafunctions/lpm_counter.tdf                                                                     ;
; c:/altera/11.1/quartus/libraries/megafunctions/lpm_decode.inc                                                              ; yes             ; Megafunction                       ; c:/altera/11.1/quartus/libraries/megafunctions/lpm_decode.inc                                                                      ;
; c:/altera/11.1/quartus/libraries/megafunctions/lpm_add_sub.inc                                                             ; yes             ; Megafunction                       ; c:/altera/11.1/quartus/libraries/megafunctions/lpm_add_sub.inc                                                                     ;
; c:/altera/11.1/quartus/libraries/megafunctions/cmpconst.inc                                                                ; yes             ; Megafunction                       ; c:/altera/11.1/quartus/libraries/megafunctions/cmpconst.inc                                                                        ;
; c:/altera/11.1/quartus/libraries/megafunctions/lpm_counter.inc                                                             ; yes             ; Megafunction                       ; c:/altera/11.1/quartus/libraries/megafunctions/lpm_counter.inc                                                                     ;
; c:/altera/11.1/quartus/libraries/megafunctions/dffeea.inc                                                                  ; yes             ; Megafunction                       ; c:/altera/11.1/quartus/libraries/megafunctions/dffeea.inc                                                                          ;
; c:/altera/11.1/quartus/libraries/megafunctions/alt_counter_stratix.inc                                                     ; yes             ; Megafunction                       ; c:/altera/11.1/quartus/libraries/megafunctions/alt_counter_stratix.inc                                                             ;
; C:/Users/rr/Documents/GitHub/fpga_experiments/small_board/LABS/digital_logic/vhdl/lab1/part5/M21EDAversion/db/cntr_nui.tdf ; yes             ; Auto-Generated Megafunction        ; C:/Users/rr/Documents/GitHub/fpga_experiments/small_board/LABS/digital_logic/vhdl/lab1/part5/M21EDAversion/db/cntr_nui.tdf         ;
; C:/Users/rr/Documents/GitHub/fpga_experiments/small_board/LABS/digital_logic/vhdl/lab1/part5/M21EDAversion/db/cmpr_6cc.tdf ; yes             ; Auto-Generated Megafunction        ; C:/Users/rr/Documents/GitHub/fpga_experiments/small_board/LABS/digital_logic/vhdl/lab1/part5/M21EDAversion/db/cmpr_6cc.tdf         ;
+----------------------------------------------------------------------------------------------------------------------------+-----------------+------------------------------------+------------------------------------------------------------------------------------------------------------------------------------+


+------------------------------------------------------------------------+
; Analysis & Synthesis Resource Usage Summary                            ;
+---------------------------------------------+--------------------------+
; Resource                                    ; Usage                    ;
+---------------------------------------------+--------------------------+
; Estimated Total logic elements              ; 171                      ;
;                                             ;                          ;
; Total combinational functions               ; 157                      ;
; Logic element usage by number of LUT inputs ;                          ;
;     -- 4 input functions                    ; 77                       ;
;     -- 3 input functions                    ; 39                       ;
;     -- <=2 input functions                  ; 41                       ;
;                                             ;                          ;
; Logic elements by mode                      ;                          ;
;     -- normal mode                          ; 145                      ;
;     -- arithmetic mode                      ; 12                       ;
;                                             ;                          ;
; Total registers                             ; 97                       ;
;     -- Dedicated logic registers            ; 97                       ;
;     -- I/O registers                        ; 0                        ;
;                                             ;                          ;
; I/O pins                                    ; 13                       ;
; Maximum fan-out node                        ; altera_internal_jtag~TDO ;
; Maximum fan-out                             ; 111                      ;
; Total fan-out                               ; 813                      ;
; Average fan-out                             ; 2.99                     ;
+---------------------------------------------+--------------------------+


+------------------------------------------------------------------------------------------------------------------------------------------------------------------------------------------------------------------------------------------------------------------------------------------------------------------------------------------------------------------------+
; Analysis & Synthesis Resource Utilization by Entity                                                                                                                                                                                                                                                                                                                    ;
+----------------------------------------------------------------------+-------------------+--------------+-------------+--------------+---------+-----------+------+--------------+----------------------------------------------------------------------------------------------------------------------------------------------------------------------+--------------+
; Compilation Hierarchy Node                                           ; LC Combinationals ; LC Registers ; Memory Bits ; DSP Elements ; DSP 9x9 ; DSP 18x18 ; Pins ; Virtual Pins ; Full Hierarchy Name                                                                                                                                                  ; Library Name ;
+----------------------------------------------------------------------+-------------------+--------------+-------------+--------------+---------+-----------+------+--------------+----------------------------------------------------------------------------------------------------------------------------------------------------------------------+--------------+
; |part5top                                                            ; 157 (1)           ; 97 (0)       ; 0           ; 0            ; 0       ; 0         ; 13   ; 0            ; |part5top                                                                                                                                                            ;              ;
;    |clkdiv:inst4|                                                    ; 13 (13)           ; 10 (10)      ; 0           ; 0            ; 0       ; 0         ; 0    ; 0            ; |part5top|clkdiv:inst4                                                                                                                                               ;              ;
;    |lpm_constant0:inst17|                                            ; 37 (0)            ; 23 (0)       ; 0           ; 0            ; 0       ; 0         ; 0    ; 0            ; |part5top|lpm_constant0:inst17                                                                                                                                       ;              ;
;       |lpm_constant:LPM_CONSTANT_component|                          ; 37 (0)            ; 23 (0)       ; 0           ; 0            ; 0       ; 0         ; 0    ; 0            ; |part5top|lpm_constant0:inst17|lpm_constant:LPM_CONSTANT_component                                                                                                   ;              ;
;          |lpm_constant_5h8:ag|                                       ; 37 (0)            ; 23 (0)       ; 0           ; 0            ; 0       ; 0         ; 0    ; 0            ; |part5top|lpm_constant0:inst17|lpm_constant:LPM_CONSTANT_component|lpm_constant_5h8:ag                                                                               ;              ;
;             |sld_mod_ram_rom:mgl_prim1|                              ; 37 (18)           ; 23 (15)      ; 0           ; 0            ; 0       ; 0         ; 0    ; 0            ; |part5top|lpm_constant0:inst17|lpm_constant:LPM_CONSTANT_component|lpm_constant_5h8:ag|sld_mod_ram_rom:mgl_prim1                                                     ;              ;
;                |sld_rom_sr:\constant_logic_gen:name_gen:info_rom_sr| ; 19 (19)           ; 8 (8)        ; 0           ; 0            ; 0       ; 0         ; 0    ; 0            ; |part5top|lpm_constant0:inst17|lpm_constant:LPM_CONSTANT_component|lpm_constant_5h8:ag|sld_mod_ram_rom:mgl_prim1|sld_rom_sr:\constant_logic_gen:name_gen:info_rom_sr ;              ;
;    |lpm_decode0:inst11|                                              ; 3 (0)             ; 0 (0)        ; 0           ; 0            ; 0       ; 0         ; 0    ; 0            ; |part5top|lpm_decode0:inst11                                                                                                                                         ;              ;
;       |lpm_decode:LPM_DECODE_component|                              ; 3 (0)             ; 0 (0)        ; 0           ; 0            ; 0       ; 0         ; 0    ; 0            ; |part5top|lpm_decode0:inst11|lpm_decode:LPM_DECODE_component                                                                                                         ;              ;
;          |decode_n6f:auto_generated|                                 ; 3 (3)             ; 0 (0)        ; 0           ; 0            ; 0       ; 0         ; 0    ; 0            ; |part5top|lpm_decode0:inst11|lpm_decode:LPM_DECODE_component|decode_n6f:auto_generated                                                                               ;              ;
;    |part5:inst|                                                      ; 8 (0)             ; 0 (0)        ; 0           ; 0            ; 0       ; 0         ; 0    ; 0            ; |part5top|part5:inst                                                                                                                                                 ;              ;
;       |char_7seg:H2|                                                 ; 2 (2)             ; 0 (0)        ; 0           ; 0            ; 0       ; 0         ; 0    ; 0            ; |part5top|part5:inst|char_7seg:H2                                                                                                                                    ;              ;
;       |mux_2bit_3to1:M3|                                             ; 6 (6)             ; 0 (0)        ; 0           ; 0            ; 0       ; 0         ; 0    ; 0            ; |part5top|part5:inst|mux_2bit_3to1:M3                                                                                                                                ;              ;
;    |sld_hub:auto_hub|                                                ; 95 (57)           ; 64 (36)      ; 0           ; 0            ; 0       ; 0         ; 0    ; 0            ; |part5top|sld_hub:auto_hub                                                                                                                                           ;              ;
;       |sld_rom_sr:hub_info_reg|                                      ; 21 (21)           ; 9 (9)        ; 0           ; 0            ; 0       ; 0         ; 0    ; 0            ; |part5top|sld_hub:auto_hub|sld_rom_sr:hub_info_reg                                                                                                                   ;              ;
;       |sld_shadow_jsm:shadow_jsm|                                    ; 17 (17)           ; 19 (19)      ; 0           ; 0            ; 0       ; 0         ; 0    ; 0            ; |part5top|sld_hub:auto_hub|sld_shadow_jsm:shadow_jsm                                                                                                                 ;              ;
+----------------------------------------------------------------------+-------------------+--------------+-------------+--------------+---------+-----------+------+--------------+----------------------------------------------------------------------------------------------------------------------------------------------------------------------+--------------+
Note: For table entries with two numbers listed, the numbers in parentheses indicate the number of resources of the given type used by the specific entity alone. The numbers listed outside of parentheses indicate the total resources of the given type used by the specific entity and all of its sub-entities in the hierarchy.


+-------------------------------------------------------------------------------------------------------------------------------------------------------------------------------------------------------------------------------+
; Analysis & Synthesis IP Cores Summary                                                                                                                                                                                         ;
+--------+--------------+---------+--------------+--------------+--------------------------------+------------------------------------------------------------------------------------------------------------------------------+
; Vendor ; IP Core Name ; Version ; Release Date ; License Type ; Entity Instance                ; IP Include File                                                                                                              ;
+--------+--------------+---------+--------------+--------------+--------------------------------+------------------------------------------------------------------------------------------------------------------------------+
; Altera ; LPM_CONSTANT ; 11.1    ; N/A          ; N/A          ; |part5top|lpm_constant0:inst17 ; C:/Users/rr/Documents/GitHub/fpga_experiments/small_board/LABS/digital_logic/vhdl/lab1/part5/M21EDAversion/lpm_constant0.vhd ;
; Altera ; LPM_DECODE   ; 11.1    ; N/A          ; N/A          ; |part5top|lpm_decode0:inst11   ; C:/Users/rr/Documents/GitHub/fpga_experiments/small_board/LABS/digital_logic/vhdl/lab1/part5/M21EDAversion/lpm_decode0.vhd   ;
+--------+--------------+---------+--------------+--------------+--------------------------------+------------------------------------------------------------------------------------------------------------------------------+


+------------------------------------------------------+
; General Register Statistics                          ;
+----------------------------------------------+-------+
; Statistic                                    ; Value ;
+----------------------------------------------+-------+
; Total registers                              ; 97    ;
; Number of registers using Synchronous Clear  ; 12    ;
; Number of registers using Synchronous Load   ; 1     ;
; Number of registers using Asynchronous Clear ; 46    ;
; Number of registers using Asynchronous Load  ; 0     ;
; Number of registers using Clock Enable       ; 56    ;
; Number of registers using Preset             ; 0     ;
+----------------------------------------------+-------+


+--------------------------------------------------+
; Inverted Register Statistics                     ;
+----------------------------------------+---------+
; Inverted Register                      ; Fan out ;
+----------------------------------------+---------+
; sld_hub:auto_hub|tdo                   ; 2       ;
; Total number of inverted registers = 1 ;         ;
+----------------------------------------+---------+


+--------------------------------------------------------------------------------------------------------------------------------------------------------------------------------------------------------------------------------------------------------------------------------------------------------------------+
; Multiplexer Restructuring Statistics (Restructuring Performed)                                                                                                                                                                                                                                                     ;
+--------------------+-----------+---------------+----------------------+------------------------+--------------------------------------------------------------------------------------------------------------------------------------------------------------------------------------+----------------------------+
; Multiplexer Inputs ; Bus Width ; Baseline Area ; Area if Restructured ; Saving if Restructured ; Registered                                                                                                                                                                           ; Example Multiplexer Output ;
+--------------------+-----------+---------------+----------------------+------------------------+--------------------------------------------------------------------------------------------------------------------------------------------------------------------------------------+----------------------------+
; 3:1                ; 6 bits    ; 12 LEs        ; 6 LEs                ; 6 LEs                  ; |part5top|lpm_constant0:inst17|lpm_constant:LPM_CONSTANT_component|lpm_constant_5h8:ag|sld_mod_ram_rom:mgl_prim1|constant_shift_reg[0]                                               ;                            ;
; 5:1                ; 4 bits    ; 12 LEs        ; 4 LEs                ; 8 LEs                  ; |part5top|lpm_constant0:inst17|lpm_constant:LPM_CONSTANT_component|lpm_constant_5h8:ag|sld_mod_ram_rom:mgl_prim1|sld_rom_sr:\constant_logic_gen:name_gen:info_rom_sr|word_counter[0] ;                            ;
; 16:1               ; 4 bits    ; 40 LEs        ; 40 LEs               ; 0 LEs                  ; |part5top|lpm_constant0:inst17|lpm_constant:LPM_CONSTANT_component|lpm_constant_5h8:ag|sld_mod_ram_rom:mgl_prim1|sld_rom_sr:\constant_logic_gen:name_gen:info_rom_sr|WORD_SR[0]      ;                            ;
; 12:1               ; 2 bits    ; 16 LEs        ; 4 LEs                ; 12 LEs                 ; |part5top|part5:inst|mux_2bit_3to1:M3|Mux0                                                                                                                                           ;                            ;
+--------------------+-----------+---------------+----------------------+------------------------+--------------------------------------------------------------------------------------------------------------------------------------------------------------------------------------+----------------------------+


+-------------------------------------------------------------------------------------------------+
; Parameter Settings for User Entity Instance: lpm_decode0:inst11|lpm_decode:LPM_DECODE_component ;
+------------------------+------------+-----------------------------------------------------------+
; Parameter Name         ; Value      ; Type                                                      ;
+------------------------+------------+-----------------------------------------------------------+
; LPM_WIDTH              ; 2          ; Signed Integer                                            ;
; LPM_DECODES            ; 4          ; Signed Integer                                            ;
; LPM_PIPELINE           ; 0          ; Untyped                                                   ;
; CASCADE_CHAIN          ; MANUAL     ; Untyped                                                   ;
; DEVICE_FAMILY          ; Cyclone II ; Untyped                                                   ;
; CBXI_PARAMETER         ; decode_n6f ; Untyped                                                   ;
; AUTO_CARRY_CHAINS      ; ON         ; AUTO_CARRY                                                ;
; IGNORE_CARRY_BUFFERS   ; OFF        ; IGNORE_CARRY                                              ;
; AUTO_CASCADE_CHAINS    ; ON         ; AUTO_CASCADE                                              ;
; IGNORE_CASCADE_BUFFERS ; OFF        ; IGNORE_CASCADE                                            ;
+------------------------+------------+-----------------------------------------------------------+
Note: In order to hide this table in the UI and the text report file, please set the "Show Parameter Settings in Synthesis Report" option in "Analysis and Synthesis Settings -> More Settings" to "Off".


+-------------------------------------------------------------------------------------------------------+
; Parameter Settings for User Entity Instance: lpm_constant0:inst17|lpm_constant:LPM_CONSTANT_component ;
+--------------------+------------------+---------------------------------------------------------------+
; Parameter Name     ; Value            ; Type                                                          ;
+--------------------+------------------+---------------------------------------------------------------+
; LPM_WIDTH          ; 6                ; Signed Integer                                                ;
; LPM_CVALUE         ; 6                ; Signed Integer                                                ;
; ENABLE_RUNTIME_MOD ; YES              ; Untyped                                                       ;
; CBXI_PARAMETER     ; lpm_constant_5h8 ; Untyped                                                       ;
+--------------------+------------------+---------------------------------------------------------------+
Note: In order to hide this table in the UI and the text report file, please set the "Show Parameter Settings in Synthesis Report" option in "Analysis and Synthesis Settings -> More Settings" to "Off".


+-----------------------------------------------------------------------------------------------------------------------------------------------------+
; Parameter Settings for User Entity Instance: lpm_constant0:inst17|lpm_constant:LPM_CONSTANT_component|lpm_constant_5h8:ag|sld_mod_ram_rom:mgl_prim1 ;
+-------------------------+------------+--------------------------------------------------------------------------------------------------------------+
; Parameter Name          ; Value      ; Type                                                                                                         ;
+-------------------------+------------+--------------------------------------------------------------------------------------------------------------+
; SLD_NODE_INFO           ; 135818752  ; Signed Integer                                                                                               ;
; SLD_AUTO_INSTANCE_INDEX ; yes        ; String                                                                                                       ;
; SLD_IP_VERSION          ; 1          ; Signed Integer                                                                                               ;
; SLD_IP_MINOR_VERSION    ; 3          ; Signed Integer                                                                                               ;
; SLD_COMMON_IP_VERSION   ; 0          ; Signed Integer                                                                                               ;
; width_word              ; 6          ; Untyped                                                                                                      ;
; numwords                ; 1          ; Untyped                                                                                                      ;
; widthad                 ; 1          ; Untyped                                                                                                      ;
; shift_count_bits        ; 3          ; Untyped                                                                                                      ;
; cvalue                  ; 000110     ; Untyped                                                                                                      ;
; is_data_in_ram          ; 0          ; Untyped                                                                                                      ;
; is_readable             ; 0          ; Untyped                                                                                                      ;
; node_name               ; 1297700417 ; Untyped                                                                                                      ;
+-------------------------+------------+--------------------------------------------------------------------------------------------------------------+
Note: In order to hide this table in the UI and the text report file, please set the "Show Parameter Settings in Synthesis Report" option in "Analysis and Synthesis Settings -> More Settings" to "Off".


+-------------------------------------------------------------------------------+
; Parameter Settings for Inferred Entity Instance: sld_hub:auto_hub             ;
+--------------------------+----------------------------------+-----------------+
; Parameter Name           ; Value                            ; Type            ;
+--------------------------+----------------------------------+-----------------+
; sld_hub_ip_version       ; 1                                ; Untyped         ;
; sld_hub_ip_minor_version ; 4                                ; Untyped         ;
; sld_common_ip_version    ; 0                                ; Untyped         ;
; device_family            ; Cyclone II                       ; Untyped         ;
; n_nodes                  ; 1                                ; Untyped         ;
; n_sel_bits               ; 1                                ; Untyped         ;
; n_node_ir_bits           ; 5                                ; Untyped         ;
; node_info                ; 00001000000110000110111000000000 ; Unsigned Binary ;
; compilation_mode         ; 1                                ; Untyped         ;
; BROADCAST_FEATURE        ; 1                                ; Signed Integer  ;
; FORCE_IR_CAPTURE_FEATURE ; 1                                ; Signed Integer  ;
+--------------------------+----------------------------------+-----------------+
Note: In order to hide this table in the UI and the text report file, please set the "Show Parameter Settings in Synthesis Report" option in "Analysis and Synthesis Settings -> More Settings" to "Off".


+------------------------------------------------------------------------------------------------------------------------------------------+
; In-System Memory Content Editor Settings                                                                                                 ;
+----------------+-------------+-------+-------+------------+------------------------------------------------------------------------------+
; Instance Index ; Instance ID ; Width ; Depth ; Mode       ; Hierarchy Location                                                           ;
+----------------+-------------+-------+-------+------------+------------------------------------------------------------------------------+
; 0              ; MYVA        ; 6     ; 1     ; Read/Write ; lpm_constant0:inst17|lpm_constant:LPM_CONSTANT_component|lpm_constant_5h8:ag ;
+----------------+-------------+-------+-------+------------+------------------------------------------------------------------------------+


+-------------------------------+
; Elapsed Time Per Partition    ;
+----------------+--------------+
; Partition Name ; Elapsed Time ;
+----------------+--------------+
; Top            ; 00:00:01     ;
+----------------+--------------+


+-------------------------------+
; Analysis & Synthesis Messages ;
+-------------------------------+
Info: *******************************************************************
Info: Running Quartus II 32-bit Analysis & Synthesis
    Info: Version 11.1 Build 259 01/25/2012 Service Pack 2 SJ Web Edition
    Info: Processing started: Wed Jul 02 13:14:02 2014
Info: Command: quartus_map --read_settings_files=on --write_settings_files=off part5 -c part5
Warning (20028): Parallel compilation is not licensed and has been disabled
Info (12021): Found 2 design units, including 1 entities, in source file part5.vhd
    Info (12022): Found design unit 1: part5-Behavior
    Info (12023): Found entity 1: part5
Info (12021): Found 2 design units, including 1 entities, in source file mux_2bit_3to1.vhd
    Info (12022): Found design unit 1: mux_2bit_3to1-Behavior
    Info (12023): Found entity 1: mux_2bit_3to1
Info (12021): Found 2 design units, including 1 entities, in source file char_7seg.vhd
    Info (12022): Found design unit 1: char_7seg-Behavior
    Info (12023): Found entity 1: char_7seg
Info (12021): Found 2 design units, including 1 entities, in source file lpm_decode0.vhd
    Info (12022): Found design unit 1: lpm_decode0-SYN
    Info (12023): Found entity 1: lpm_decode0
Info (12021): Found 1 design units, including 1 entities, in source file part5top.bdf
    Info (12023): Found entity 1: part5top
Info (12021): Found 2 design units, including 1 entities, in source file lpm_constant0.vhd
    Info (12022): Found design unit 1: lpm_constant0-SYN
    Info (12023): Found entity 1: lpm_constant0
Info (12021): Found 2 design units, including 1 entities, in source file clkdiv.vhd
    Info (12022): Found design unit 1: clkdiv-arch
    Info (12023): Found entity 1: clkdiv
Info (12127): Elaborating entity "part5top" for the top level hierarchy
Info (12128): Elaborating entity "lpm_decode0" for hierarchy "lpm_decode0:inst11"
Info (12128): Elaborating entity "lpm_decode" for hierarchy "lpm_decode0:inst11|lpm_decode:LPM_DECODE_component"
Info (12130): Elaborated megafunction instantiation "lpm_decode0:inst11|lpm_decode:LPM_DECODE_component"
Info (12133): Instantiated megafunction "lpm_decode0:inst11|lpm_decode:LPM_DECODE_component" with the following parameter:
    Info (12134): Parameter "lpm_decodes" = "4"
    Info (12134): Parameter "lpm_type" = "LPM_DECODE"
    Info (12134): Parameter "lpm_width" = "2"
Info (12021): Found 1 design units, including 1 entities, in source file db/decode_n6f.tdf
    Info (12023): Found entity 1: decode_n6f
Info (12128): Elaborating entity "decode_n6f" for hierarchy "lpm_decode0:inst11|lpm_decode:LPM_DECODE_component|decode_n6f:auto_generated"
Info (12128): Elaborating entity "clkdiv" for hierarchy "clkdiv:inst4"
Warning (10492): VHDL Process Statement warning at clkdiv.vhd(16): signal "q" is read inside the Process Statement but isn't in the Process Statement's sensitivity list
Info (12128): Elaborating entity "part5" for hierarchy "part5:inst"
Info (12128): Elaborating entity "mux_2bit_3to1" for hierarchy "part5:inst|mux_2bit_3to1:M0"
Info (12128): Elaborating entity "char_7seg" for hierarchy "part5:inst|char_7seg:H2"
Info (12128): Elaborating entity "lpm_constant0" for hierarchy "lpm_constant0:inst17"
Info (12128): Elaborating entity "lpm_constant" for hierarchy "lpm_constant0:inst17|lpm_constant:LPM_CONSTANT_component"
Info (12130): Elaborated megafunction instantiation "lpm_constant0:inst17|lpm_constant:LPM_CONSTANT_component"
Info (12133): Instantiated megafunction "lpm_constant0:inst17|lpm_constant:LPM_CONSTANT_component" with the following parameter:
    Info (12134): Parameter "lpm_cvalue" = "6"
    Info (12134): Parameter "lpm_hint" = "ENABLE_RUNTIME_MOD=YES, INSTANCE_NAME=MYVA"
    Info (12134): Parameter "lpm_type" = "LPM_CONSTANT"
    Info (12134): Parameter "lpm_width" = "6"
Info (12021): Found 1 design units, including 1 entities, in source file db/lpm_constant_5h8.tdf
    Info (12023): Found entity 1: lpm_constant_5h8
Info (12128): Elaborating entity "lpm_constant_5h8" for hierarchy "lpm_constant0:inst17|lpm_constant:LPM_CONSTANT_component|lpm_constant_5h8:ag"
Info (12128): Elaborating entity "sld_mod_ram_rom" for hierarchy "lpm_constant0:inst17|lpm_constant:LPM_CONSTANT_component|lpm_constant_5h8:ag|sld_mod_ram_rom:mgl_prim1"
Info (12130): Elaborated megafunction instantiation "lpm_constant0:inst17|lpm_constant:LPM_CONSTANT_component|lpm_constant_5h8:ag|sld_mod_ram_rom:mgl_prim1"
Info (12133): Instantiated megafunction "lpm_constant0:inst17|lpm_constant:LPM_CONSTANT_component|lpm_constant_5h8:ag|sld_mod_ram_rom:mgl_prim1" with the following parameter:
    Info (12134): Parameter "CVALUE" = "000110"
    Info (12134): Parameter "IS_DATA_IN_RAM" = "0"
    Info (12134): Parameter "IS_READABLE" = "0"
    Info (12134): Parameter "NODE_NAME" = "1297700417"
    Info (12134): Parameter "NUMWORDS" = "1"
    Info (12134): Parameter "SHIFT_COUNT_BITS" = "3"
    Info (12134): Parameter "WIDTH_WORD" = "6"
    Info (12134): Parameter "WIDTHAD" = "1"
Info (12128): Elaborating entity "sld_rom_sr" for hierarchy "lpm_constant0:inst17|lpm_constant:LPM_CONSTANT_component|lpm_constant_5h8:ag|sld_mod_ram_rom:mgl_prim1|sld_rom_sr:\constant_logic_gen:name_gen:info_rom_sr"
Info (16010): Generating hard_block partition "hard_block:auto_generated_inst"
Info (21057): Implemented 193 device resources after synthesis - the final resource count might be different
    Info (21058): Implemented 6 input pins
    Info (21059): Implemented 11 output pins
    Info (21061): Implemented 175 logic cells
Info: Quartus II 32-bit Analysis & Synthesis was successful. 0 errors, 2 warnings
    Info: Peak virtual memory: 326 megabytes
    Info: Processing ended: Wed Jul 02 13:14:06 2014
    Info: Elapsed time: 00:00:04
    Info: Total CPU time (on all processors): 00:00:03


