Analysis & Synthesis report for part4
Sun Apr 09 14:30:42 2017
Quartus II 32-bit Version 11.1 Build 259 01/25/2012 Service Pack 2 SJ Web Edition


---------------------
; Table of Contents ;
---------------------
  1. Legal Notice
  2. Analysis & Synthesis Summary
  3. Analysis & Synthesis Settings
  4. Parallel Compilation
  5. Analysis & Synthesis Source Files Read
  6. Analysis & Synthesis Resource Usage Summary
  7. Analysis & Synthesis Resource Utilization by Entity
  8. Analysis & Synthesis IP Cores Summary
  9. General Register Statistics
 10. Inverted Register Statistics
 11. Multiplexer Restructuring Statistics (Restructuring Performed)
 12. Parameter Settings for User Entity Instance: lpm_constant4:inst1|lpm_constant:LPM_CONSTANT_component
 13. Parameter Settings for User Entity Instance: lpm_constant4:inst1|lpm_constant:LPM_CONSTANT_component|lpm_constant_7b8:ag|sld_mod_ram_rom:mgl_prim1
 14. Parameter Settings for User Entity Instance: lpm_constant0:inst4|lpm_constant:LPM_CONSTANT_component
 15. Parameter Settings for User Entity Instance: lpm_constant0:inst4|lpm_constant:LPM_CONSTANT_component|lpm_constant_968:ag|sld_mod_ram_rom:mgl_prim1
 16. Parameter Settings for User Entity Instance: lpm_constant1:inst5|lpm_constant:LPM_CONSTANT_component
 17. Parameter Settings for User Entity Instance: lpm_constant1:inst5|lpm_constant:LPM_CONSTANT_component|lpm_constant_868:ag|sld_mod_ram_rom:mgl_prim1
 18. Parameter Settings for User Entity Instance: lpm_constant2:inst6|lpm_constant:LPM_CONSTANT_component
 19. Parameter Settings for User Entity Instance: lpm_constant2:inst6|lpm_constant:LPM_CONSTANT_component|lpm_constant_768:ag|sld_mod_ram_rom:mgl_prim1
 20. Parameter Settings for User Entity Instance: lpm_constant3:inst7|lpm_constant:LPM_CONSTANT_component
 21. Parameter Settings for User Entity Instance: lpm_constant3:inst7|lpm_constant:LPM_CONSTANT_component|lpm_constant_668:ag|sld_mod_ram_rom:mgl_prim1
 22. Parameter Settings for Inferred Entity Instance: sld_hub:auto_hub
 23. Port Connectivity Checks: "part4_code:inst|bcd_adder:badder|adder:FA4"
 24. Port Connectivity Checks: "part4_code:inst|DE1_disp:DE1"
 25. In-System Memory Content Editor Settings
 26. Elapsed Time Per Partition
 27. Analysis & Synthesis Messages



----------------
; Legal Notice ;
----------------
Copyright (C) 1991-2011 Altera Corporation
Your use of Altera Corporation's design tools, logic functions 
and other software and tools, and its AMPP partner logic 
functions, and any output files from any of the foregoing 
(including device programming or simulation files), and any 
associated documentation or information are expressly subject 
to the terms and conditions of the Altera Program License 
Subscription Agreement, Altera MegaCore Function License 
Agreement, or other applicable license agreement, including, 
without limitation, that your use is for the sole purpose of 
programming logic devices manufactured by Altera and sold by 
Altera or its authorized distributors.  Please refer to the 
applicable agreement for further details.



+------------------------------------------------------------------------------------+
; Analysis & Synthesis Summary                                                       ;
+------------------------------------+-----------------------------------------------+
; Analysis & Synthesis Status        ; Successful - Sun Apr 09 14:30:42 2017         ;
; Quartus II 32-bit Version          ; 11.1 Build 259 01/25/2012 SP 2 SJ Web Edition ;
; Revision Name                      ; part4                                         ;
; Top-level Entity Name              ; part4                                         ;
; Family                             ; Cyclone II                                    ;
; Total logic elements               ; 427                                           ;
;     Total combinational functions  ; 415                                           ;
;     Dedicated logic registers      ; 199                                           ;
; Total registers                    ; 199                                           ;
; Total pins                         ; 17                                            ;
; Total virtual pins                 ; 0                                             ;
; Total memory bits                  ; 0                                             ;
; Embedded Multiplier 9-bit elements ; 0                                             ;
; Total PLLs                         ; 0                                             ;
+------------------------------------+-----------------------------------------------+


+----------------------------------------------------------------------------------------------------------------------+
; Analysis & Synthesis Settings                                                                                        ;
+----------------------------------------------------------------------------+--------------------+--------------------+
; Option                                                                     ; Setting            ; Default Value      ;
+----------------------------------------------------------------------------+--------------------+--------------------+
; Device                                                                     ; EP2C5T144C8        ;                    ;
; Top-level entity name                                                      ; part4              ; part4              ;
; Family name                                                                ; Cyclone II         ; Cyclone IV GX      ;
; Use smart compilation                                                      ; Off                ; Off                ;
; Enable parallel Assembler and TimeQuest Timing Analyzer during compilation ; On                 ; On                 ;
; Enable compact report table                                                ; Off                ; Off                ;
; Restructure Multiplexers                                                   ; Auto               ; Auto               ;
; Create Debugging Nodes for IP Cores                                        ; Off                ; Off                ;
; Preserve fewer node names                                                  ; On                 ; On                 ;
; Disable OpenCore Plus hardware evaluation                                  ; Off                ; Off                ;
; Verilog Version                                                            ; Verilog_2001       ; Verilog_2001       ;
; VHDL Version                                                               ; VHDL_1993          ; VHDL_1993          ;
; State Machine Processing                                                   ; Auto               ; Auto               ;
; Safe State Machine                                                         ; Off                ; Off                ;
; Extract Verilog State Machines                                             ; On                 ; On                 ;
; Extract VHDL State Machines                                                ; On                 ; On                 ;
; Ignore Verilog initial constructs                                          ; Off                ; Off                ;
; Iteration limit for constant Verilog loops                                 ; 5000               ; 5000               ;
; Iteration limit for non-constant Verilog loops                             ; 250                ; 250                ;
; Add Pass-Through Logic to Inferred RAMs                                    ; On                 ; On                 ;
; Infer RAMs from Raw Logic                                                  ; On                 ; On                 ;
; Parallel Synthesis                                                         ; On                 ; On                 ;
; DSP Block Balancing                                                        ; Auto               ; Auto               ;
; NOT Gate Push-Back                                                         ; On                 ; On                 ;
; Power-Up Don't Care                                                        ; On                 ; On                 ;
; Remove Redundant Logic Cells                                               ; Off                ; Off                ;
; Remove Duplicate Registers                                                 ; On                 ; On                 ;
; Ignore CARRY Buffers                                                       ; Off                ; Off                ;
; Ignore CASCADE Buffers                                                     ; Off                ; Off                ;
; Ignore GLOBAL Buffers                                                      ; Off                ; Off                ;
; Ignore ROW GLOBAL Buffers                                                  ; Off                ; Off                ;
; Ignore LCELL Buffers                                                       ; Off                ; Off                ;
; Ignore SOFT Buffers                                                        ; On                 ; On                 ;
; Limit AHDL Integers to 32 Bits                                             ; Off                ; Off                ;
; Optimization Technique                                                     ; Balanced           ; Balanced           ;
; Carry Chain Length                                                         ; 70                 ; 70                 ;
; Auto Carry Chains                                                          ; On                 ; On                 ;
; Auto Open-Drain Pins                                                       ; On                 ; On                 ;
; Perform WYSIWYG Primitive Resynthesis                                      ; Off                ; Off                ;
; Auto ROM Replacement                                                       ; On                 ; On                 ;
; Auto RAM Replacement                                                       ; On                 ; On                 ;
; Auto Shift Register Replacement                                            ; Auto               ; Auto               ;
; Allow Shift Register Merging across Hierarchies                            ; Auto               ; Auto               ;
; Auto Clock Enable Replacement                                              ; On                 ; On                 ;
; Strict RAM Replacement                                                     ; Off                ; Off                ;
; Allow Synchronous Control Signals                                          ; On                 ; On                 ;
; Force Use of Synchronous Clear Signals                                     ; Off                ; Off                ;
; Auto RAM to Logic Cell Conversion                                          ; Off                ; Off                ;
; Auto Resource Sharing                                                      ; Off                ; Off                ;
; Allow Any RAM Size For Recognition                                         ; Off                ; Off                ;
; Allow Any ROM Size For Recognition                                         ; Off                ; Off                ;
; Allow Any Shift Register Size For Recognition                              ; Off                ; Off                ;
; Use LogicLock Constraints during Resource Balancing                        ; On                 ; On                 ;
; Ignore translate_off and synthesis_off directives                          ; Off                ; Off                ;
; Timing-Driven Synthesis                                                    ; Off                ; Off                ;
; Report Parameter Settings                                                  ; On                 ; On                 ;
; Report Source Assignments                                                  ; On                 ; On                 ;
; Report Connectivity Checks                                                 ; On                 ; On                 ;
; Ignore Maximum Fan-Out Assignments                                         ; Off                ; Off                ;
; Synchronization Register Chain Length                                      ; 2                  ; 2                  ;
; PowerPlay Power Optimization                                               ; Normal compilation ; Normal compilation ;
; HDL message level                                                          ; Level2             ; Level2             ;
; Suppress Register Optimization Related Messages                            ; Off                ; Off                ;
; Number of Removed Registers Reported in Synthesis Report                   ; 5000               ; 5000               ;
; Number of Inverted Registers Reported in Synthesis Report                  ; 100                ; 100                ;
; Clock MUX Protection                                                       ; On                 ; On                 ;
; Auto Gated Clock Conversion                                                ; Off                ; Off                ;
; Block Design Naming                                                        ; Auto               ; Auto               ;
; SDC constraint protection                                                  ; Off                ; Off                ;
; Synthesis Effort                                                           ; Auto               ; Auto               ;
; Shift Register Replacement - Allow Asynchronous Clear Signal               ; On                 ; On                 ;
; Analysis & Synthesis Message Level                                         ; Medium             ; Medium             ;
; Disable Register Merging Across Hierarchies                                ; Auto               ; Auto               ;
; Resource Aware Inference For Block RAM                                     ; On                 ; On                 ;
; Synthesis Seed                                                             ; 1                  ; 1                  ;
+----------------------------------------------------------------------------+--------------------+--------------------+


Parallel compilation was disabled, but you have multiple processors available. Enable parallel compilation to reduce compilation time.
+-------------------------------------+
; Parallel Compilation                ;
+----------------------------+--------+
; Processors                 ; Number ;
+----------------------------+--------+
; Number detected on machine ; 4      ;
; Maximum allowed            ; 1      ;
+----------------------------+--------+


+----------------------------------------------------------------------------------------------------------------------------------------------------------------------------------------------------------------+
; Analysis & Synthesis Source Files Read                                                                                                                                                                         ;
+----------------------------------+-----------------+------------------------------------+----------------------------------------------------------------------------------------------------------------------+
; File Name with User-Entered Path ; Used in Netlist ; File Type                          ; File Name with Absolute Path                                                                                         ;
+----------------------------------+-----------------+------------------------------------+----------------------------------------------------------------------------------------------------------------------+
; sweep.vhd                        ; yes             ; User VHDL File                     ; C:/Users/rr/Documents/GitHub/fpga_experiments/small_board/LABS/digital_logic/vhdl/lab2/part4/sweep.vhd               ;
; DE1_disp.vhd                     ; yes             ; User VHDL File                     ; C:/Users/rr/Documents/GitHub/fpga_experiments/small_board/LABS/digital_logic/vhdl/lab2/part4/DE1_disp.vhd            ;
; segseven.vhd                     ; yes             ; User VHDL File                     ; C:/Users/rr/Documents/GitHub/fpga_experiments/small_board/LABS/digital_logic/vhdl/lab2/part4/segseven.vhd            ;
; circuitb.vhd                     ; yes             ; User VHDL File                     ; C:/Users/rr/Documents/GitHub/fpga_experiments/small_board/LABS/digital_logic/vhdl/lab2/part4/circuitb.vhd            ;
; adder.vhd                        ; yes             ; User VHDL File                     ; C:/Users/rr/Documents/GitHub/fpga_experiments/small_board/LABS/digital_logic/vhdl/lab2/part4/adder.vhd               ;
; bcd_adder.vhd                    ; yes             ; User VHDL File                     ; C:/Users/rr/Documents/GitHub/fpga_experiments/small_board/LABS/digital_logic/vhdl/lab2/part4/bcd_adder.vhd           ;
; part4.bdf                        ; yes             ; User Block Diagram/Schematic File  ; C:/Users/rr/Documents/GitHub/fpga_experiments/small_board/LABS/digital_logic/vhdl/lab2/part4/part4.bdf               ;
; lpm_constant0.vhd                ; yes             ; User Wizard-Generated File         ; C:/Users/rr/Documents/GitHub/fpga_experiments/small_board/LABS/digital_logic/vhdl/lab2/part4/lpm_constant0.vhd       ;
; lpm_constant1.vhd                ; yes             ; User Wizard-Generated File         ; C:/Users/rr/Documents/GitHub/fpga_experiments/small_board/LABS/digital_logic/vhdl/lab2/part4/lpm_constant1.vhd       ;
; lpm_constant2.vhd                ; yes             ; User Wizard-Generated File         ; C:/Users/rr/Documents/GitHub/fpga_experiments/small_board/LABS/digital_logic/vhdl/lab2/part4/lpm_constant2.vhd       ;
; lpm_constant3.vhd                ; yes             ; User Wizard-Generated File         ; C:/Users/rr/Documents/GitHub/fpga_experiments/small_board/LABS/digital_logic/vhdl/lab2/part4/lpm_constant3.vhd       ;
; lpm_constant4.vhd                ; yes             ; User Wizard-Generated File         ; C:/Users/rr/Documents/GitHub/fpga_experiments/small_board/LABS/digital_logic/vhdl/lab2/part4/lpm_constant4.vhd       ;
; part4_code.vhd                   ; yes             ; User VHDL File                     ; C:/Users/rr/Documents/GitHub/fpga_experiments/small_board/LABS/digital_logic/vhdl/lab2/part4/part4_code.vhd          ;
; lpm_constant.tdf                 ; yes             ; Megafunction                       ; c:/altera/11.1sp2/quartus/libraries/megafunctions/lpm_constant.tdf                                                   ;
; db/lpm_constant_7b8.tdf          ; yes             ; Auto-Generated Megafunction        ; C:/Users/rr/Documents/GitHub/fpga_experiments/small_board/LABS/digital_logic/vhdl/lab2/part4/db/lpm_constant_7b8.tdf ;
; sld_mod_ram_rom.vhd              ; yes             ; Encrypted Megafunction             ; c:/altera/11.1sp2/quartus/libraries/megafunctions/sld_mod_ram_rom.vhd                                                ;
; sld_rom_sr.vhd                   ; yes             ; Encrypted Megafunction             ; c:/altera/11.1sp2/quartus/libraries/megafunctions/sld_rom_sr.vhd                                                     ;
; db/lpm_constant_968.tdf          ; yes             ; Auto-Generated Megafunction        ; C:/Users/rr/Documents/GitHub/fpga_experiments/small_board/LABS/digital_logic/vhdl/lab2/part4/db/lpm_constant_968.tdf ;
; db/lpm_constant_868.tdf          ; yes             ; Auto-Generated Megafunction        ; C:/Users/rr/Documents/GitHub/fpga_experiments/small_board/LABS/digital_logic/vhdl/lab2/part4/db/lpm_constant_868.tdf ;
; db/lpm_constant_768.tdf          ; yes             ; Auto-Generated Megafunction        ; C:/Users/rr/Documents/GitHub/fpga_experiments/small_board/LABS/digital_logic/vhdl/lab2/part4/db/lpm_constant_768.tdf ;
; db/lpm_constant_668.tdf          ; yes             ; Auto-Generated Megafunction        ; C:/Users/rr/Documents/GitHub/fpga_experiments/small_board/LABS/digital_logic/vhdl/lab2/part4/db/lpm_constant_668.tdf ;
; sld_hub.vhd                      ; yes             ; Encrypted Megafunction             ; c:/altera/11.1sp2/quartus/libraries/megafunctions/sld_hub.vhd                                                        ;
; part2_code.vhd                   ; yes             ; User VHDL File                     ; part2_code.vhd                                                                                                       ;
+----------------------------------+-----------------+------------------------------------+----------------------------------------------------------------------------------------------------------------------+


+------------------------------------------------------------------------+
; Analysis & Synthesis Resource Usage Summary                            ;
+---------------------------------------------+--------------------------+
; Resource                                    ; Usage                    ;
+---------------------------------------------+--------------------------+
; Estimated Total logic elements              ; 427                      ;
;                                             ;                          ;
; Total combinational functions               ; 415                      ;
; Logic element usage by number of LUT inputs ;                          ;
;     -- 4 input functions                    ; 212                      ;
;     -- 3 input functions                    ; 141                      ;
;     -- <=2 input functions                  ; 62                       ;
;                                             ;                          ;
; Logic elements by mode                      ;                          ;
;     -- normal mode                          ; 400                      ;
;     -- arithmetic mode                      ; 15                       ;
;                                             ;                          ;
; Total registers                             ; 199                      ;
;     -- Dedicated logic registers            ; 199                      ;
;     -- I/O registers                        ; 0                        ;
;                                             ;                          ;
; I/O pins                                    ; 17                       ;
; Maximum fan-out node                        ; altera_internal_jtag~TDO ;
; Maximum fan-out                             ; 230                      ;
; Total fan-out                               ; 2054                     ;
; Average fan-out                             ; 3.23                     ;
+---------------------------------------------+--------------------------+


+--------------------------------------------------------------------------------------------------------------------------------------------------------------------------------------------------------------------------------------------------------------------------------------------------------------------------------------------------------------------+
; Analysis & Synthesis Resource Utilization by Entity                                                                                                                                                                                                                                                                                                                ;
+----------------------------------------------------------------------+-------------------+--------------+-------------+--------------+---------+-----------+------+--------------+------------------------------------------------------------------------------------------------------------------------------------------------------------------+--------------+
; Compilation Hierarchy Node                                           ; LC Combinationals ; LC Registers ; Memory Bits ; DSP Elements ; DSP 9x9 ; DSP 18x18 ; Pins ; Virtual Pins ; Full Hierarchy Name                                                                                                                                              ; Library Name ;
+----------------------------------------------------------------------+-------------------+--------------+-------------+--------------+---------+-----------+------+--------------+------------------------------------------------------------------------------------------------------------------------------------------------------------------+--------------+
; |part4                                                               ; 415 (1)           ; 199 (0)      ; 0           ; 0            ; 0       ; 0         ; 17   ; 0            ; |part4                                                                                                                                                           ;              ;
;    |lpm_constant0:inst4|                                             ; 31 (0)            ; 13 (0)       ; 0           ; 0            ; 0       ; 0         ; 0    ; 0            ; |part4|lpm_constant0:inst4                                                                                                                                       ;              ;
;       |lpm_constant:LPM_CONSTANT_component|                          ; 31 (0)            ; 13 (0)       ; 0           ; 0            ; 0       ; 0         ; 0    ; 0            ; |part4|lpm_constant0:inst4|lpm_constant:LPM_CONSTANT_component                                                                                                   ;              ;
;          |lpm_constant_968:ag|                                       ; 31 (0)            ; 13 (0)       ; 0           ; 0            ; 0       ; 0         ; 0    ; 0            ; |part4|lpm_constant0:inst4|lpm_constant:LPM_CONSTANT_component|lpm_constant_968:ag                                                                               ;              ;
;             |sld_mod_ram_rom:mgl_prim1|                              ; 31 (12)           ; 13 (5)       ; 0           ; 0            ; 0       ; 0         ; 0    ; 0            ; |part4|lpm_constant0:inst4|lpm_constant:LPM_CONSTANT_component|lpm_constant_968:ag|sld_mod_ram_rom:mgl_prim1                                                     ;              ;
;                |sld_rom_sr:\constant_logic_gen:name_gen:info_rom_sr| ; 19 (19)           ; 8 (8)        ; 0           ; 0            ; 0       ; 0         ; 0    ; 0            ; |part4|lpm_constant0:inst4|lpm_constant:LPM_CONSTANT_component|lpm_constant_968:ag|sld_mod_ram_rom:mgl_prim1|sld_rom_sr:\constant_logic_gen:name_gen:info_rom_sr ;              ;
;    |lpm_constant1:inst5|                                             ; 32 (0)            ; 13 (0)       ; 0           ; 0            ; 0       ; 0         ; 0    ; 0            ; |part4|lpm_constant1:inst5                                                                                                                                       ;              ;
;       |lpm_constant:LPM_CONSTANT_component|                          ; 32 (0)            ; 13 (0)       ; 0           ; 0            ; 0       ; 0         ; 0    ; 0            ; |part4|lpm_constant1:inst5|lpm_constant:LPM_CONSTANT_component                                                                                                   ;              ;
;          |lpm_constant_868:ag|                                       ; 32 (0)            ; 13 (0)       ; 0           ; 0            ; 0       ; 0         ; 0    ; 0            ; |part4|lpm_constant1:inst5|lpm_constant:LPM_CONSTANT_component|lpm_constant_868:ag                                                                               ;              ;
;             |sld_mod_ram_rom:mgl_prim1|                              ; 32 (12)           ; 13 (5)       ; 0           ; 0            ; 0       ; 0         ; 0    ; 0            ; |part4|lpm_constant1:inst5|lpm_constant:LPM_CONSTANT_component|lpm_constant_868:ag|sld_mod_ram_rom:mgl_prim1                                                     ;              ;
;                |sld_rom_sr:\constant_logic_gen:name_gen:info_rom_sr| ; 20 (20)           ; 8 (8)        ; 0           ; 0            ; 0       ; 0         ; 0    ; 0            ; |part4|lpm_constant1:inst5|lpm_constant:LPM_CONSTANT_component|lpm_constant_868:ag|sld_mod_ram_rom:mgl_prim1|sld_rom_sr:\constant_logic_gen:name_gen:info_rom_sr ;              ;
;    |lpm_constant2:inst6|                                             ; 31 (0)            ; 13 (0)       ; 0           ; 0            ; 0       ; 0         ; 0    ; 0            ; |part4|lpm_constant2:inst6                                                                                                                                       ;              ;
;       |lpm_constant:LPM_CONSTANT_component|                          ; 31 (0)            ; 13 (0)       ; 0           ; 0            ; 0       ; 0         ; 0    ; 0            ; |part4|lpm_constant2:inst6|lpm_constant:LPM_CONSTANT_component                                                                                                   ;              ;
;          |lpm_constant_768:ag|                                       ; 31 (0)            ; 13 (0)       ; 0           ; 0            ; 0       ; 0         ; 0    ; 0            ; |part4|lpm_constant2:inst6|lpm_constant:LPM_CONSTANT_component|lpm_constant_768:ag                                                                               ;              ;
;             |sld_mod_ram_rom:mgl_prim1|                              ; 31 (12)           ; 13 (5)       ; 0           ; 0            ; 0       ; 0         ; 0    ; 0            ; |part4|lpm_constant2:inst6|lpm_constant:LPM_CONSTANT_component|lpm_constant_768:ag|sld_mod_ram_rom:mgl_prim1                                                     ;              ;
;                |sld_rom_sr:\constant_logic_gen:name_gen:info_rom_sr| ; 19 (19)           ; 8 (8)        ; 0           ; 0            ; 0       ; 0         ; 0    ; 0            ; |part4|lpm_constant2:inst6|lpm_constant:LPM_CONSTANT_component|lpm_constant_768:ag|sld_mod_ram_rom:mgl_prim1|sld_rom_sr:\constant_logic_gen:name_gen:info_rom_sr ;              ;
;    |lpm_constant3:inst7|                                             ; 31 (0)            ; 13 (0)       ; 0           ; 0            ; 0       ; 0         ; 0    ; 0            ; |part4|lpm_constant3:inst7                                                                                                                                       ;              ;
;       |lpm_constant:LPM_CONSTANT_component|                          ; 31 (0)            ; 13 (0)       ; 0           ; 0            ; 0       ; 0         ; 0    ; 0            ; |part4|lpm_constant3:inst7|lpm_constant:LPM_CONSTANT_component                                                                                                   ;              ;
;          |lpm_constant_668:ag|                                       ; 31 (0)            ; 13 (0)       ; 0           ; 0            ; 0       ; 0         ; 0    ; 0            ; |part4|lpm_constant3:inst7|lpm_constant:LPM_CONSTANT_component|lpm_constant_668:ag                                                                               ;              ;
;             |sld_mod_ram_rom:mgl_prim1|                              ; 31 (12)           ; 13 (5)       ; 0           ; 0            ; 0       ; 0         ; 0    ; 0            ; |part4|lpm_constant3:inst7|lpm_constant:LPM_CONSTANT_component|lpm_constant_668:ag|sld_mod_ram_rom:mgl_prim1                                                     ;              ;
;                |sld_rom_sr:\constant_logic_gen:name_gen:info_rom_sr| ; 19 (19)           ; 8 (8)        ; 0           ; 0            ; 0       ; 0         ; 0    ; 0            ; |part4|lpm_constant3:inst7|lpm_constant:LPM_CONSTANT_component|lpm_constant_668:ag|sld_mod_ram_rom:mgl_prim1|sld_rom_sr:\constant_logic_gen:name_gen:info_rom_sr ;              ;
;    |lpm_constant4:inst1|                                             ; 30 (0)            ; 13 (0)       ; 0           ; 0            ; 0       ; 0         ; 0    ; 0            ; |part4|lpm_constant4:inst1                                                                                                                                       ;              ;
;       |lpm_constant:LPM_CONSTANT_component|                          ; 30 (0)            ; 13 (0)       ; 0           ; 0            ; 0       ; 0         ; 0    ; 0            ; |part4|lpm_constant4:inst1|lpm_constant:LPM_CONSTANT_component                                                                                                   ;              ;
;          |lpm_constant_7b8:ag|                                       ; 30 (0)            ; 13 (0)       ; 0           ; 0            ; 0       ; 0         ; 0    ; 0            ; |part4|lpm_constant4:inst1|lpm_constant:LPM_CONSTANT_component|lpm_constant_7b8:ag                                                                               ;              ;
;             |sld_mod_ram_rom:mgl_prim1|                              ; 30 (12)           ; 13 (5)       ; 0           ; 0            ; 0       ; 0         ; 0    ; 0            ; |part4|lpm_constant4:inst1|lpm_constant:LPM_CONSTANT_component|lpm_constant_7b8:ag|sld_mod_ram_rom:mgl_prim1                                                     ;              ;
;                |sld_rom_sr:\constant_logic_gen:name_gen:info_rom_sr| ; 18 (18)           ; 8 (8)        ; 0           ; 0            ; 0       ; 0         ; 0    ; 0            ; |part4|lpm_constant4:inst1|lpm_constant:LPM_CONSTANT_component|lpm_constant_7b8:ag|sld_mod_ram_rom:mgl_prim1|sld_rom_sr:\constant_logic_gen:name_gen:info_rom_sr ;              ;
;    |part4_code:inst|                                                 ; 54 (0)            ; 12 (0)       ; 0           ; 0            ; 0       ; 0         ; 0    ; 0            ; |part4|part4_code:inst                                                                                                                                           ;              ;
;       |DE1_disp:DE1|                                                 ; 44 (28)           ; 12 (0)       ; 0           ; 0            ; 0       ; 0         ; 0    ; 0            ; |part4|part4_code:inst|DE1_disp:DE1                                                                                                                              ;              ;
;          |sweep:S0|                                                  ; 16 (16)           ; 12 (12)      ; 0           ; 0            ; 0       ; 0         ; 0    ; 0            ; |part4|part4_code:inst|DE1_disp:DE1|sweep:S0                                                                                                                     ;              ;
;       |bcd_adder:badder|                                             ; 10 (2)            ; 0 (0)        ; 0           ; 0            ; 0       ; 0         ; 0    ; 0            ; |part4|part4_code:inst|bcd_adder:badder                                                                                                                          ;              ;
;          |adder:FA0|                                                 ; 1 (1)             ; 0 (0)        ; 0           ; 0            ; 0       ; 0         ; 0    ; 0            ; |part4|part4_code:inst|bcd_adder:badder|adder:FA0                                                                                                                ;              ;
;          |adder:FA1|                                                 ; 2 (2)             ; 0 (0)        ; 0           ; 0            ; 0       ; 0         ; 0    ; 0            ; |part4|part4_code:inst|bcd_adder:badder|adder:FA1                                                                                                                ;              ;
;          |adder:FA2|                                                 ; 2 (2)             ; 0 (0)        ; 0           ; 0            ; 0       ; 0         ; 0    ; 0            ; |part4|part4_code:inst|bcd_adder:badder|adder:FA2                                                                                                                ;              ;
;          |adder:FA4|                                                 ; 1 (1)             ; 0 (0)        ; 0           ; 0            ; 0       ; 0         ; 0    ; 0            ; |part4|part4_code:inst|bcd_adder:badder|adder:FA4                                                                                                                ;              ;
;          |adder:FA5|                                                 ; 2 (2)             ; 0 (0)        ; 0           ; 0            ; 0       ; 0         ; 0    ; 0            ; |part4|part4_code:inst|bcd_adder:badder|adder:FA5                                                                                                                ;              ;
;    |sld_hub:auto_hub|                                                ; 205 (164)         ; 122 (93)     ; 0           ; 0            ; 0       ; 0         ; 0    ; 0            ; |part4|sld_hub:auto_hub                                                                                                                                          ;              ;
;       |sld_rom_sr:hub_info_reg|                                      ; 24 (24)           ; 10 (10)      ; 0           ; 0            ; 0       ; 0         ; 0    ; 0            ; |part4|sld_hub:auto_hub|sld_rom_sr:hub_info_reg                                                                                                                  ;              ;
;       |sld_shadow_jsm:shadow_jsm|                                    ; 17 (17)           ; 19 (19)      ; 0           ; 0            ; 0       ; 0         ; 0    ; 0            ; |part4|sld_hub:auto_hub|sld_shadow_jsm:shadow_jsm                                                                                                                ;              ;
+----------------------------------------------------------------------+-------------------+--------------+-------------+--------------+---------+-----------+------+--------------+------------------------------------------------------------------------------------------------------------------------------------------------------------------+--------------+
Note: For table entries with two numbers listed, the numbers in parentheses indicate the number of resources of the given type used by the specific entity alone. The numbers listed outside of parentheses indicate the total resources of the given type used by the specific entity and all of its sub-entities in the hierarchy.


+-------------------------------------------------------------------------------------------------------------------------------------------------------------------------------------------------------------+
; Analysis & Synthesis IP Cores Summary                                                                                                                                                                       ;
+--------+--------------+---------+--------------+--------------+----------------------------+----------------------------------------------------------------------------------------------------------------+
; Vendor ; IP Core Name ; Version ; Release Date ; License Type ; Entity Instance            ; IP Include File                                                                                                ;
+--------+--------------+---------+--------------+--------------+----------------------------+----------------------------------------------------------------------------------------------------------------+
; Altera ; LPM_CONSTANT ; 11.1    ; N/A          ; N/A          ; |part4|lpm_constant0:inst4 ; C:/Users/rr/Documents/GitHub/fpga_experiments/small_board/LABS/digital_logic/vhdl/lab2/part4/lpm_constant0.vhd ;
; Altera ; LPM_CONSTANT ; 11.1    ; N/A          ; N/A          ; |part4|lpm_constant1:inst5 ; C:/Users/rr/Documents/GitHub/fpga_experiments/small_board/LABS/digital_logic/vhdl/lab2/part4/lpm_constant1.vhd ;
; Altera ; LPM_CONSTANT ; 11.1    ; N/A          ; N/A          ; |part4|lpm_constant2:inst6 ; C:/Users/rr/Documents/GitHub/fpga_experiments/small_board/LABS/digital_logic/vhdl/lab2/part4/lpm_constant2.vhd ;
; Altera ; LPM_CONSTANT ; 11.1    ; N/A          ; N/A          ; |part4|lpm_constant3:inst7 ; C:/Users/rr/Documents/GitHub/fpga_experiments/small_board/LABS/digital_logic/vhdl/lab2/part4/lpm_constant3.vhd ;
; Altera ; LPM_CONSTANT ; 11.1    ; N/A          ; N/A          ; |part4|lpm_constant4:inst1 ; C:/Users/rr/Documents/GitHub/fpga_experiments/small_board/LABS/digital_logic/vhdl/lab2/part4/lpm_constant4.vhd ;
+--------+--------------+---------+--------------+--------------+----------------------------+----------------------------------------------------------------------------------------------------------------+


+------------------------------------------------------+
; General Register Statistics                          ;
+----------------------------------------------+-------+
; Statistic                                    ; Value ;
+----------------------------------------------+-------+
; Total registers                              ; 199   ;
; Number of registers using Synchronous Clear  ; 13    ;
; Number of registers using Synchronous Load   ; 4     ;
; Number of registers using Asynchronous Clear ; 117   ;
; Number of registers using Asynchronous Load  ; 0     ;
; Number of registers using Clock Enable       ; 133   ;
; Number of registers using Preset             ; 0     ;
+----------------------------------------------+-------+


+--------------------------------------------------+
; Inverted Register Statistics                     ;
+----------------------------------------+---------+
; Inverted Register                      ; Fan out ;
+----------------------------------------+---------+
; sld_hub:auto_hub|tdo                   ; 2       ;
; Total number of inverted registers = 1 ;         ;
+----------------------------------------+---------+


+----------------------------------------------------------------------------------------------------------------------------------------------------------------------------------------------------------------------------------------------------------------------------------------------------------------+
; Multiplexer Restructuring Statistics (Restructuring Performed)                                                                                                                                                                                                                                                 ;
+--------------------+-----------+---------------+----------------------+------------------------+----------------------------------------------------------------------------------------------------------------------------------------------------------------------------------+----------------------------+
; Multiplexer Inputs ; Bus Width ; Baseline Area ; Area if Restructured ; Saving if Restructured ; Registered                                                                                                                                                                       ; Example Multiplexer Output ;
+--------------------+-----------+---------------+----------------------+------------------------+----------------------------------------------------------------------------------------------------------------------------------------------------------------------------------+----------------------------+
; 5:1                ; 4 bits    ; 12 LEs        ; 4 LEs                ; 8 LEs                  ; |part4|lpm_constant4:inst1|lpm_constant:LPM_CONSTANT_component|lpm_constant_7b8:ag|sld_mod_ram_rom:mgl_prim1|sld_rom_sr:\constant_logic_gen:name_gen:info_rom_sr|word_counter[3] ;                            ;
; 5:1                ; 4 bits    ; 12 LEs        ; 4 LEs                ; 8 LEs                  ; |part4|lpm_constant0:inst4|lpm_constant:LPM_CONSTANT_component|lpm_constant_968:ag|sld_mod_ram_rom:mgl_prim1|sld_rom_sr:\constant_logic_gen:name_gen:info_rom_sr|word_counter[3] ;                            ;
; 5:1                ; 4 bits    ; 12 LEs        ; 4 LEs                ; 8 LEs                  ; |part4|lpm_constant1:inst5|lpm_constant:LPM_CONSTANT_component|lpm_constant_868:ag|sld_mod_ram_rom:mgl_prim1|sld_rom_sr:\constant_logic_gen:name_gen:info_rom_sr|word_counter[3] ;                            ;
; 5:1                ; 4 bits    ; 12 LEs        ; 4 LEs                ; 8 LEs                  ; |part4|lpm_constant2:inst6|lpm_constant:LPM_CONSTANT_component|lpm_constant_768:ag|sld_mod_ram_rom:mgl_prim1|sld_rom_sr:\constant_logic_gen:name_gen:info_rom_sr|word_counter[3] ;                            ;
; 5:1                ; 4 bits    ; 12 LEs        ; 4 LEs                ; 8 LEs                  ; |part4|lpm_constant3:inst7|lpm_constant:LPM_CONSTANT_component|lpm_constant_668:ag|sld_mod_ram_rom:mgl_prim1|sld_rom_sr:\constant_logic_gen:name_gen:info_rom_sr|word_counter[0] ;                            ;
; 16:1               ; 4 bits    ; 40 LEs        ; 32 LEs               ; 8 LEs                  ; |part4|lpm_constant4:inst1|lpm_constant:LPM_CONSTANT_component|lpm_constant_7b8:ag|sld_mod_ram_rom:mgl_prim1|sld_rom_sr:\constant_logic_gen:name_gen:info_rom_sr|WORD_SR[0]      ;                            ;
; 16:1               ; 4 bits    ; 40 LEs        ; 24 LEs               ; 16 LEs                 ; |part4|lpm_constant0:inst4|lpm_constant:LPM_CONSTANT_component|lpm_constant_968:ag|sld_mod_ram_rom:mgl_prim1|sld_rom_sr:\constant_logic_gen:name_gen:info_rom_sr|WORD_SR[1]      ;                            ;
; 16:1               ; 4 bits    ; 40 LEs        ; 24 LEs               ; 16 LEs                 ; |part4|lpm_constant1:inst5|lpm_constant:LPM_CONSTANT_component|lpm_constant_868:ag|sld_mod_ram_rom:mgl_prim1|sld_rom_sr:\constant_logic_gen:name_gen:info_rom_sr|WORD_SR[0]      ;                            ;
; 16:1               ; 4 bits    ; 40 LEs        ; 24 LEs               ; 16 LEs                 ; |part4|lpm_constant2:inst6|lpm_constant:LPM_CONSTANT_component|lpm_constant_768:ag|sld_mod_ram_rom:mgl_prim1|sld_rom_sr:\constant_logic_gen:name_gen:info_rom_sr|WORD_SR[0]      ;                            ;
; 16:1               ; 4 bits    ; 40 LEs        ; 24 LEs               ; 16 LEs                 ; |part4|lpm_constant3:inst7|lpm_constant:LPM_CONSTANT_component|lpm_constant_668:ag|sld_mod_ram_rom:mgl_prim1|sld_rom_sr:\constant_logic_gen:name_gen:info_rom_sr|WORD_SR[0]      ;                            ;
+--------------------+-----------+---------------+----------------------+------------------------+----------------------------------------------------------------------------------------------------------------------------------------------------------------------------------+----------------------------+


+------------------------------------------------------------------------------------------------------+
; Parameter Settings for User Entity Instance: lpm_constant4:inst1|lpm_constant:LPM_CONSTANT_component ;
+--------------------+------------------+--------------------------------------------------------------+
; Parameter Name     ; Value            ; Type                                                         ;
+--------------------+------------------+--------------------------------------------------------------+
; LPM_WIDTH          ; 1                ; Signed Integer                                               ;
; LPM_CVALUE         ; 0                ; Signed Integer                                               ;
; ENABLE_RUNTIME_MOD ; YES              ; Untyped                                                      ;
; CBXI_PARAMETER     ; lpm_constant_7b8 ; Untyped                                                      ;
+--------------------+------------------+--------------------------------------------------------------+
Note: In order to hide this table in the UI and the text report file, please set the "Show Parameter Settings in Synthesis Report" option in "Analysis and Synthesis Settings -> More Settings" to "Off".


+----------------------------------------------------------------------------------------------------------------------------------------------------+
; Parameter Settings for User Entity Instance: lpm_constant4:inst1|lpm_constant:LPM_CONSTANT_component|lpm_constant_7b8:ag|sld_mod_ram_rom:mgl_prim1 ;
+-------------------------+------------+-------------------------------------------------------------------------------------------------------------+
; Parameter Name          ; Value      ; Type                                                                                                        ;
+-------------------------+------------+-------------------------------------------------------------------------------------------------------------+
; SLD_NODE_INFO           ; 135818752  ; Signed Integer                                                                                              ;
; SLD_AUTO_INSTANCE_INDEX ; yes        ; String                                                                                                      ;
; SLD_IP_VERSION          ; 1          ; Signed Integer                                                                                              ;
; SLD_IP_MINOR_VERSION    ; 3          ; Signed Integer                                                                                              ;
; SLD_COMMON_IP_VERSION   ; 0          ; Signed Integer                                                                                              ;
; width_word              ; 1          ; Untyped                                                                                                     ;
; numwords                ; 1          ; Untyped                                                                                                     ;
; widthad                 ; 1          ; Untyped                                                                                                     ;
; shift_count_bits        ; 1          ; Untyped                                                                                                     ;
; cvalue                  ; 0          ; Untyped                                                                                                     ;
; is_data_in_ram          ; 0          ; Untyped                                                                                                     ;
; is_readable             ; 0          ; Untyped                                                                                                     ;
; node_name               ; 1667853824 ; Untyped                                                                                                     ;
+-------------------------+------------+-------------------------------------------------------------------------------------------------------------+
Note: In order to hide this table in the UI and the text report file, please set the "Show Parameter Settings in Synthesis Report" option in "Analysis and Synthesis Settings -> More Settings" to "Off".


+------------------------------------------------------------------------------------------------------+
; Parameter Settings for User Entity Instance: lpm_constant0:inst4|lpm_constant:LPM_CONSTANT_component ;
+--------------------+------------------+--------------------------------------------------------------+
; Parameter Name     ; Value            ; Type                                                         ;
+--------------------+------------------+--------------------------------------------------------------+
; LPM_WIDTH          ; 1                ; Signed Integer                                               ;
; LPM_CVALUE         ; 0                ; Signed Integer                                               ;
; ENABLE_RUNTIME_MOD ; YES              ; Untyped                                                      ;
; CBXI_PARAMETER     ; lpm_constant_968 ; Untyped                                                      ;
+--------------------+------------------+--------------------------------------------------------------+
Note: In order to hide this table in the UI and the text report file, please set the "Show Parameter Settings in Synthesis Report" option in "Analysis and Synthesis Settings -> More Settings" to "Off".


+----------------------------------------------------------------------------------------------------------------------------------------------------+
; Parameter Settings for User Entity Instance: lpm_constant0:inst4|lpm_constant:LPM_CONSTANT_component|lpm_constant_968:ag|sld_mod_ram_rom:mgl_prim1 ;
+-------------------------+------------+-------------------------------------------------------------------------------------------------------------+
; Parameter Name          ; Value      ; Type                                                                                                        ;
+-------------------------+------------+-------------------------------------------------------------------------------------------------------------+
; SLD_NODE_INFO           ; 135818752  ; Signed Integer                                                                                              ;
; SLD_AUTO_INSTANCE_INDEX ; yes        ; String                                                                                                      ;
; SLD_IP_VERSION          ; 1          ; Signed Integer                                                                                              ;
; SLD_IP_MINOR_VERSION    ; 3          ; Signed Integer                                                                                              ;
; SLD_COMMON_IP_VERSION   ; 0          ; Signed Integer                                                                                              ;
; width_word              ; 1          ; Untyped                                                                                                     ;
; numwords                ; 1          ; Untyped                                                                                                     ;
; widthad                 ; 1          ; Untyped                                                                                                     ;
; shift_count_bits        ; 1          ; Untyped                                                                                                     ;
; cvalue                  ; 0          ; Untyped                                                                                                     ;
; is_data_in_ram          ; 0          ; Untyped                                                                                                     ;
; is_readable             ; 0          ; Untyped                                                                                                     ;
; node_name               ; 1764950016 ; Untyped                                                                                                     ;
+-------------------------+------------+-------------------------------------------------------------------------------------------------------------+
Note: In order to hide this table in the UI and the text report file, please set the "Show Parameter Settings in Synthesis Report" option in "Analysis and Synthesis Settings -> More Settings" to "Off".


+------------------------------------------------------------------------------------------------------+
; Parameter Settings for User Entity Instance: lpm_constant1:inst5|lpm_constant:LPM_CONSTANT_component ;
+--------------------+------------------+--------------------------------------------------------------+
; Parameter Name     ; Value            ; Type                                                         ;
+--------------------+------------------+--------------------------------------------------------------+
; LPM_WIDTH          ; 1                ; Signed Integer                                               ;
; LPM_CVALUE         ; 0                ; Signed Integer                                               ;
; ENABLE_RUNTIME_MOD ; YES              ; Untyped                                                      ;
; CBXI_PARAMETER     ; lpm_constant_868 ; Untyped                                                      ;
+--------------------+------------------+--------------------------------------------------------------+
Note: In order to hide this table in the UI and the text report file, please set the "Show Parameter Settings in Synthesis Report" option in "Analysis and Synthesis Settings -> More Settings" to "Off".


+----------------------------------------------------------------------------------------------------------------------------------------------------+
; Parameter Settings for User Entity Instance: lpm_constant1:inst5|lpm_constant:LPM_CONSTANT_component|lpm_constant_868:ag|sld_mod_ram_rom:mgl_prim1 ;
+-------------------------+------------+-------------------------------------------------------------------------------------------------------------+
; Parameter Name          ; Value      ; Type                                                                                                        ;
+-------------------------+------------+-------------------------------------------------------------------------------------------------------------+
; SLD_NODE_INFO           ; 135818752  ; Signed Integer                                                                                              ;
; SLD_AUTO_INSTANCE_INDEX ; yes        ; String                                                                                                      ;
; SLD_IP_VERSION          ; 1          ; Signed Integer                                                                                              ;
; SLD_IP_MINOR_VERSION    ; 3          ; Signed Integer                                                                                              ;
; SLD_COMMON_IP_VERSION   ; 0          ; Signed Integer                                                                                              ;
; width_word              ; 1          ; Untyped                                                                                                     ;
; numwords                ; 1          ; Untyped                                                                                                     ;
; widthad                 ; 1          ; Untyped                                                                                                     ;
; shift_count_bits        ; 1          ; Untyped                                                                                                     ;
; cvalue                  ; 0          ; Untyped                                                                                                     ;
; is_data_in_ram          ; 0          ; Untyped                                                                                                     ;
; is_readable             ; 0          ; Untyped                                                                                                     ;
; node_name               ; 1764884480 ; Untyped                                                                                                     ;
+-------------------------+------------+-------------------------------------------------------------------------------------------------------------+
Note: In order to hide this table in the UI and the text report file, please set the "Show Parameter Settings in Synthesis Report" option in "Analysis and Synthesis Settings -> More Settings" to "Off".


+------------------------------------------------------------------------------------------------------+
; Parameter Settings for User Entity Instance: lpm_constant2:inst6|lpm_constant:LPM_CONSTANT_component ;
+--------------------+------------------+--------------------------------------------------------------+
; Parameter Name     ; Value            ; Type                                                         ;
+--------------------+------------------+--------------------------------------------------------------+
; LPM_WIDTH          ; 1                ; Signed Integer                                               ;
; LPM_CVALUE         ; 0                ; Signed Integer                                               ;
; ENABLE_RUNTIME_MOD ; YES              ; Untyped                                                      ;
; CBXI_PARAMETER     ; lpm_constant_768 ; Untyped                                                      ;
+--------------------+------------------+--------------------------------------------------------------+
Note: In order to hide this table in the UI and the text report file, please set the "Show Parameter Settings in Synthesis Report" option in "Analysis and Synthesis Settings -> More Settings" to "Off".


+----------------------------------------------------------------------------------------------------------------------------------------------------+
; Parameter Settings for User Entity Instance: lpm_constant2:inst6|lpm_constant:LPM_CONSTANT_component|lpm_constant_768:ag|sld_mod_ram_rom:mgl_prim1 ;
+-------------------------+------------+-------------------------------------------------------------------------------------------------------------+
; Parameter Name          ; Value      ; Type                                                                                                        ;
+-------------------------+------------+-------------------------------------------------------------------------------------------------------------+
; SLD_NODE_INFO           ; 135818752  ; Signed Integer                                                                                              ;
; SLD_AUTO_INSTANCE_INDEX ; yes        ; String                                                                                                      ;
; SLD_IP_VERSION          ; 1          ; Signed Integer                                                                                              ;
; SLD_IP_MINOR_VERSION    ; 3          ; Signed Integer                                                                                              ;
; SLD_COMMON_IP_VERSION   ; 0          ; Signed Integer                                                                                              ;
; width_word              ; 1          ; Untyped                                                                                                     ;
; numwords                ; 1          ; Untyped                                                                                                     ;
; widthad                 ; 1          ; Untyped                                                                                                     ;
; shift_count_bits        ; 1          ; Untyped                                                                                                     ;
; cvalue                  ; 0          ; Untyped                                                                                                     ;
; is_data_in_ram          ; 0          ; Untyped                                                                                                     ;
; is_readable             ; 0          ; Untyped                                                                                                     ;
; node_name               ; 1227948032 ; Untyped                                                                                                     ;
+-------------------------+------------+-------------------------------------------------------------------------------------------------------------+
Note: In order to hide this table in the UI and the text report file, please set the "Show Parameter Settings in Synthesis Report" option in "Analysis and Synthesis Settings -> More Settings" to "Off".


+------------------------------------------------------------------------------------------------------+
; Parameter Settings for User Entity Instance: lpm_constant3:inst7|lpm_constant:LPM_CONSTANT_component ;
+--------------------+------------------+--------------------------------------------------------------+
; Parameter Name     ; Value            ; Type                                                         ;
+--------------------+------------------+--------------------------------------------------------------+
; LPM_WIDTH          ; 1                ; Signed Integer                                               ;
; LPM_CVALUE         ; 0                ; Signed Integer                                               ;
; ENABLE_RUNTIME_MOD ; YES              ; Untyped                                                      ;
; CBXI_PARAMETER     ; lpm_constant_668 ; Untyped                                                      ;
+--------------------+------------------+--------------------------------------------------------------+
Note: In order to hide this table in the UI and the text report file, please set the "Show Parameter Settings in Synthesis Report" option in "Analysis and Synthesis Settings -> More Settings" to "Off".


+----------------------------------------------------------------------------------------------------------------------------------------------------+
; Parameter Settings for User Entity Instance: lpm_constant3:inst7|lpm_constant:LPM_CONSTANT_component|lpm_constant_668:ag|sld_mod_ram_rom:mgl_prim1 ;
+-------------------------+------------+-------------------------------------------------------------------------------------------------------------+
; Parameter Name          ; Value      ; Type                                                                                                        ;
+-------------------------+------------+-------------------------------------------------------------------------------------------------------------+
; SLD_NODE_INFO           ; 135818752  ; Signed Integer                                                                                              ;
; SLD_AUTO_INSTANCE_INDEX ; yes        ; String                                                                                                      ;
; SLD_IP_VERSION          ; 1          ; Signed Integer                                                                                              ;
; SLD_IP_MINOR_VERSION    ; 3          ; Signed Integer                                                                                              ;
; SLD_COMMON_IP_VERSION   ; 0          ; Signed Integer                                                                                              ;
; width_word              ; 1          ; Untyped                                                                                                     ;
; numwords                ; 1          ; Untyped                                                                                                     ;
; widthad                 ; 1          ; Untyped                                                                                                     ;
; shift_count_bits        ; 1          ; Untyped                                                                                                     ;
; cvalue                  ; 0          ; Untyped                                                                                                     ;
; is_data_in_ram          ; 0          ; Untyped                                                                                                     ;
; is_readable             ; 0          ; Untyped                                                                                                     ;
; node_name               ; 1227882496 ; Untyped                                                                                                     ;
+-------------------------+------------+-------------------------------------------------------------------------------------------------------------+
Note: In order to hide this table in the UI and the text report file, please set the "Show Parameter Settings in Synthesis Report" option in "Analysis and Synthesis Settings -> More Settings" to "Off".


+---------------------------------------------------------------------------------------------------------------------------------------------------------------------------------------------------------------+
; Parameter Settings for Inferred Entity Instance: sld_hub:auto_hub                                                                                                                                             ;
+--------------------------+------------------------------------------------------------------------------------------------------------------------------------------------------------------+-----------------+
; Parameter Name           ; Value                                                                                                                                                            ; Type            ;
+--------------------------+------------------------------------------------------------------------------------------------------------------------------------------------------------------+-----------------+
; sld_hub_ip_version       ; 1                                                                                                                                                                ; Untyped         ;
; sld_hub_ip_minor_version ; 4                                                                                                                                                                ; Untyped         ;
; sld_common_ip_version    ; 0                                                                                                                                                                ; Untyped         ;
; device_family            ; Cyclone II                                                                                                                                                       ; Untyped         ;
; n_nodes                  ; 5                                                                                                                                                                ; Untyped         ;
; n_sel_bits               ; 3                                                                                                                                                                ; Untyped         ;
; n_node_ir_bits           ; 6                                                                                                                                                                ; Untyped         ;
; node_info                ; 0000100000011000011011100000010000001000000110000110111000000011000010000001100001101110000000100000100000011000011011100000000100001000000110000110111000000000 ; Unsigned Binary ;
; compilation_mode         ; 1                                                                                                                                                                ; Untyped         ;
; BROADCAST_FEATURE        ; 1                                                                                                                                                                ; Signed Integer  ;
; FORCE_IR_CAPTURE_FEATURE ; 1                                                                                                                                                                ; Signed Integer  ;
+--------------------------+------------------------------------------------------------------------------------------------------------------------------------------------------------------+-----------------+
Note: In order to hide this table in the UI and the text report file, please set the "Show Parameter Settings in Synthesis Report" option in "Analysis and Synthesis Settings -> More Settings" to "Off".


+------------------------------------------------------------------------+
; Port Connectivity Checks: "part4_code:inst|bcd_adder:badder|adder:FA4" ;
+------+-------+----------+----------------------------------------------+
; Port ; Type  ; Severity ; Details                                      ;
+------+-------+----------+----------------------------------------------+
; ci   ; Input ; Info     ; Stuck at GND                                 ;
+------+-------+----------+----------------------------------------------+


+----------------------------------------------------------+
; Port Connectivity Checks: "part4_code:inst|DE1_disp:DE1" ;
+------+-------+----------+--------------------------------+
; Port ; Type  ; Severity ; Details                        ;
+------+-------+----------+--------------------------------+
; hex2 ; Input ; Info     ; Stuck at VCC                   ;
; hex3 ; Input ; Info     ; Stuck at VCC                   ;
+------+-------+----------+--------------------------------+


+-----------------------------------------------------------------------------------------------------------------------------------------+
; In-System Memory Content Editor Settings                                                                                                ;
+----------------+-------------+-------+-------+------------+-----------------------------------------------------------------------------+
; Instance Index ; Instance ID ; Width ; Depth ; Mode       ; Hierarchy Location                                                          ;
+----------------+-------------+-------+-------+------------+-----------------------------------------------------------------------------+
; 0              ; cin         ; 1     ; 1     ; Read/Write ; lpm_constant4:inst1|lpm_constant:LPM_CONSTANT_component|lpm_constant_7b8:ag ;
; 1              ; i3          ; 1     ; 1     ; Read/Write ; lpm_constant0:inst4|lpm_constant:LPM_CONSTANT_component|lpm_constant_968:ag ;
; 2              ; i2          ; 1     ; 1     ; Read/Write ; lpm_constant1:inst5|lpm_constant:LPM_CONSTANT_component|lpm_constant_868:ag ;
; 3              ; I1          ; 1     ; 1     ; Read/Write ; lpm_constant2:inst6|lpm_constant:LPM_CONSTANT_component|lpm_constant_768:ag ;
; 4              ; I0          ; 1     ; 1     ; Read/Write ; lpm_constant3:inst7|lpm_constant:LPM_CONSTANT_component|lpm_constant_668:ag ;
+----------------+-------------+-------+-------+------------+-----------------------------------------------------------------------------+


+-------------------------------+
; Elapsed Time Per Partition    ;
+----------------+--------------+
; Partition Name ; Elapsed Time ;
+----------------+--------------+
; Top            ; 00:00:04     ;
+----------------+--------------+


+-------------------------------+
; Analysis & Synthesis Messages ;
+-------------------------------+
Info: *******************************************************************
Info: Running Quartus II 32-bit Analysis & Synthesis
    Info: Version 11.1 Build 259 01/25/2012 Service Pack 2 SJ Web Edition
    Info: Processing started: Sun Apr 09 14:30:31 2017
Info: Command: quartus_map --read_settings_files=on --write_settings_files=off part4 -c part4
Warning (20028): Parallel compilation is not licensed and has been disabled
Info (12021): Found 2 design units, including 1 entities, in source file sweep.vhd
    Info (12022): Found design unit 1: sweep-arch
    Info (12023): Found entity 1: sweep
Info (12021): Found 2 design units, including 1 entities, in source file de1_disp.vhd
    Info (12022): Found design unit 1: DE1_disp-Behavior
    Info (12023): Found entity 1: DE1_disp
Info (12021): Found 2 design units, including 1 entities, in source file segseven.vhd
    Info (12022): Found design unit 1: segseven-Behavior
    Info (12023): Found entity 1: segseven
Info (12021): Found 2 design units, including 1 entities, in source file circuitb.vhd
    Info (12022): Found design unit 1: circuitb-Behavior
    Info (12023): Found entity 1: circuitb
Info (12021): Found 2 design units, including 1 entities, in source file adder.vhd
    Info (12022): Found design unit 1: adder-Behavior
    Info (12023): Found entity 1: adder
Info (12021): Found 2 design units, including 1 entities, in source file bcd_adder.vhd
    Info (12022): Found design unit 1: bcd_adder-Behavior
    Info (12023): Found entity 1: bcd_adder
Info (12021): Found 1 design units, including 1 entities, in source file part4.bdf
    Info (12023): Found entity 1: part4
Info (12021): Found 2 design units, including 1 entities, in source file lpm_constant0.vhd
    Info (12022): Found design unit 1: lpm_constant0-SYN
    Info (12023): Found entity 1: lpm_constant0
Info (12021): Found 2 design units, including 1 entities, in source file lpm_constant1.vhd
    Info (12022): Found design unit 1: lpm_constant1-SYN
    Info (12023): Found entity 1: lpm_constant1
Info (12021): Found 2 design units, including 1 entities, in source file lpm_constant2.vhd
    Info (12022): Found design unit 1: lpm_constant2-SYN
    Info (12023): Found entity 1: lpm_constant2
Info (12021): Found 2 design units, including 1 entities, in source file lpm_constant3.vhd
    Info (12022): Found design unit 1: lpm_constant3-SYN
    Info (12023): Found entity 1: lpm_constant3
Info (12021): Found 2 design units, including 1 entities, in source file lpm_constant4.vhd
    Info (12022): Found design unit 1: lpm_constant4-SYN
    Info (12023): Found entity 1: lpm_constant4
Info (12021): Found 2 design units, including 1 entities, in source file part4_code.vhd
    Info (12022): Found design unit 1: part4_code-Behaviour
    Info (12023): Found entity 1: part4_code
Info (12127): Elaborating entity "part4" for the top level hierarchy
Info (12128): Elaborating entity "part4_code" for hierarchy "part4_code:inst"
Info (12128): Elaborating entity "segseven" for hierarchy "part4_code:inst|segseven:S0"
Info (12128): Elaborating entity "circuitb" for hierarchy "part4_code:inst|circuitb:S1"
Info (12128): Elaborating entity "DE1_disp" for hierarchy "part4_code:inst|DE1_disp:DE1"
Info (12128): Elaborating entity "sweep" for hierarchy "part4_code:inst|DE1_disp:DE1|sweep:S0"
Warning (10492): VHDL Process Statement warning at sweep.vhd(16): signal "q" is read inside the Process Statement but isn't in the Process Statement's sensitivity list
Info (12128): Elaborating entity "bcd_adder" for hierarchy "part4_code:inst|bcd_adder:badder"
Warning (10541): VHDL Signal Declaration warning at bcd_adder.vhd(13): used implicit default value for signal "cin" because signal was never assigned a value or an explicit default value. Use of implicit default value may introduce unintended design optimizations.
Info (12128): Elaborating entity "adder" for hierarchy "part4_code:inst|bcd_adder:badder|adder:FA3"
Info (12128): Elaborating entity "lpm_constant4" for hierarchy "lpm_constant4:inst1"
Info (12128): Elaborating entity "lpm_constant" for hierarchy "lpm_constant4:inst1|lpm_constant:LPM_CONSTANT_component"
Info (12130): Elaborated megafunction instantiation "lpm_constant4:inst1|lpm_constant:LPM_CONSTANT_component"
Info (12133): Instantiated megafunction "lpm_constant4:inst1|lpm_constant:LPM_CONSTANT_component" with the following parameter:
    Info (12134): Parameter "lpm_cvalue" = "0"
    Info (12134): Parameter "lpm_hint" = "ENABLE_RUNTIME_MOD=YES, INSTANCE_NAME=cin"
    Info (12134): Parameter "lpm_type" = "LPM_CONSTANT"
    Info (12134): Parameter "lpm_width" = "1"
Info (12021): Found 1 design units, including 1 entities, in source file db/lpm_constant_7b8.tdf
    Info (12023): Found entity 1: lpm_constant_7b8
Info (12128): Elaborating entity "lpm_constant_7b8" for hierarchy "lpm_constant4:inst1|lpm_constant:LPM_CONSTANT_component|lpm_constant_7b8:ag"
Info (12128): Elaborating entity "sld_mod_ram_rom" for hierarchy "lpm_constant4:inst1|lpm_constant:LPM_CONSTANT_component|lpm_constant_7b8:ag|sld_mod_ram_rom:mgl_prim1"
Info (12130): Elaborated megafunction instantiation "lpm_constant4:inst1|lpm_constant:LPM_CONSTANT_component|lpm_constant_7b8:ag|sld_mod_ram_rom:mgl_prim1"
Info (12133): Instantiated megafunction "lpm_constant4:inst1|lpm_constant:LPM_CONSTANT_component|lpm_constant_7b8:ag|sld_mod_ram_rom:mgl_prim1" with the following parameter:
    Info (12134): Parameter "CVALUE" = "0"
    Info (12134): Parameter "IS_DATA_IN_RAM" = "0"
    Info (12134): Parameter "IS_READABLE" = "0"
    Info (12134): Parameter "NODE_NAME" = "1667853824"
    Info (12134): Parameter "NUMWORDS" = "1"
    Info (12134): Parameter "SHIFT_COUNT_BITS" = "1"
    Info (12134): Parameter "WIDTH_WORD" = "1"
    Info (12134): Parameter "WIDTHAD" = "1"
Info (12128): Elaborating entity "sld_rom_sr" for hierarchy "lpm_constant4:inst1|lpm_constant:LPM_CONSTANT_component|lpm_constant_7b8:ag|sld_mod_ram_rom:mgl_prim1|sld_rom_sr:\constant_logic_gen:name_gen:info_rom_sr"
Info (12128): Elaborating entity "lpm_constant0" for hierarchy "lpm_constant0:inst4"
Info (12128): Elaborating entity "lpm_constant" for hierarchy "lpm_constant0:inst4|lpm_constant:LPM_CONSTANT_component"
Info (12130): Elaborated megafunction instantiation "lpm_constant0:inst4|lpm_constant:LPM_CONSTANT_component"
Info (12133): Instantiated megafunction "lpm_constant0:inst4|lpm_constant:LPM_CONSTANT_component" with the following parameter:
    Info (12134): Parameter "lpm_cvalue" = "0"
    Info (12134): Parameter "lpm_hint" = "ENABLE_RUNTIME_MOD=YES, INSTANCE_NAME=i3"
    Info (12134): Parameter "lpm_type" = "LPM_CONSTANT"
    Info (12134): Parameter "lpm_width" = "1"
Info (12021): Found 1 design units, including 1 entities, in source file db/lpm_constant_968.tdf
    Info (12023): Found entity 1: lpm_constant_968
Info (12128): Elaborating entity "lpm_constant_968" for hierarchy "lpm_constant0:inst4|lpm_constant:LPM_CONSTANT_component|lpm_constant_968:ag"
Info (12128): Elaborating entity "sld_mod_ram_rom" for hierarchy "lpm_constant0:inst4|lpm_constant:LPM_CONSTANT_component|lpm_constant_968:ag|sld_mod_ram_rom:mgl_prim1"
Info (12130): Elaborated megafunction instantiation "lpm_constant0:inst4|lpm_constant:LPM_CONSTANT_component|lpm_constant_968:ag|sld_mod_ram_rom:mgl_prim1"
Info (12133): Instantiated megafunction "lpm_constant0:inst4|lpm_constant:LPM_CONSTANT_component|lpm_constant_968:ag|sld_mod_ram_rom:mgl_prim1" with the following parameter:
    Info (12134): Parameter "CVALUE" = "0"
    Info (12134): Parameter "IS_DATA_IN_RAM" = "0"
    Info (12134): Parameter "IS_READABLE" = "0"
    Info (12134): Parameter "NODE_NAME" = "1764950016"
    Info (12134): Parameter "NUMWORDS" = "1"
    Info (12134): Parameter "SHIFT_COUNT_BITS" = "1"
    Info (12134): Parameter "WIDTH_WORD" = "1"
    Info (12134): Parameter "WIDTHAD" = "1"
Info (12128): Elaborating entity "lpm_constant1" for hierarchy "lpm_constant1:inst5"
Info (12128): Elaborating entity "lpm_constant" for hierarchy "lpm_constant1:inst5|lpm_constant:LPM_CONSTANT_component"
Info (12130): Elaborated megafunction instantiation "lpm_constant1:inst5|lpm_constant:LPM_CONSTANT_component"
Info (12133): Instantiated megafunction "lpm_constant1:inst5|lpm_constant:LPM_CONSTANT_component" with the following parameter:
    Info (12134): Parameter "lpm_cvalue" = "0"
    Info (12134): Parameter "lpm_hint" = "ENABLE_RUNTIME_MOD=YES, INSTANCE_NAME=i2"
    Info (12134): Parameter "lpm_type" = "LPM_CONSTANT"
    Info (12134): Parameter "lpm_width" = "1"
Info (12021): Found 1 design units, including 1 entities, in source file db/lpm_constant_868.tdf
    Info (12023): Found entity 1: lpm_constant_868
Info (12128): Elaborating entity "lpm_constant_868" for hierarchy "lpm_constant1:inst5|lpm_constant:LPM_CONSTANT_component|lpm_constant_868:ag"
Info (12128): Elaborating entity "sld_mod_ram_rom" for hierarchy "lpm_constant1:inst5|lpm_constant:LPM_CONSTANT_component|lpm_constant_868:ag|sld_mod_ram_rom:mgl_prim1"
Info (12130): Elaborated megafunction instantiation "lpm_constant1:inst5|lpm_constant:LPM_CONSTANT_component|lpm_constant_868:ag|sld_mod_ram_rom:mgl_prim1"
Info (12133): Instantiated megafunction "lpm_constant1:inst5|lpm_constant:LPM_CONSTANT_component|lpm_constant_868:ag|sld_mod_ram_rom:mgl_prim1" with the following parameter:
    Info (12134): Parameter "CVALUE" = "0"
    Info (12134): Parameter "IS_DATA_IN_RAM" = "0"
    Info (12134): Parameter "IS_READABLE" = "0"
    Info (12134): Parameter "NODE_NAME" = "1764884480"
    Info (12134): Parameter "NUMWORDS" = "1"
    Info (12134): Parameter "SHIFT_COUNT_BITS" = "1"
    Info (12134): Parameter "WIDTH_WORD" = "1"
    Info (12134): Parameter "WIDTHAD" = "1"
Info (12128): Elaborating entity "lpm_constant2" for hierarchy "lpm_constant2:inst6"
Info (12128): Elaborating entity "lpm_constant" for hierarchy "lpm_constant2:inst6|lpm_constant:LPM_CONSTANT_component"
Info (12130): Elaborated megafunction instantiation "lpm_constant2:inst6|lpm_constant:LPM_CONSTANT_component"
Info (12133): Instantiated megafunction "lpm_constant2:inst6|lpm_constant:LPM_CONSTANT_component" with the following parameter:
    Info (12134): Parameter "lpm_cvalue" = "0"
    Info (12134): Parameter "lpm_hint" = "ENABLE_RUNTIME_MOD=YES, INSTANCE_NAME=I1"
    Info (12134): Parameter "lpm_type" = "LPM_CONSTANT"
    Info (12134): Parameter "lpm_width" = "1"
Info (12021): Found 1 design units, including 1 entities, in source file db/lpm_constant_768.tdf
    Info (12023): Found entity 1: lpm_constant_768
Info (12128): Elaborating entity "lpm_constant_768" for hierarchy "lpm_constant2:inst6|lpm_constant:LPM_CONSTANT_component|lpm_constant_768:ag"
Info (12128): Elaborating entity "sld_mod_ram_rom" for hierarchy "lpm_constant2:inst6|lpm_constant:LPM_CONSTANT_component|lpm_constant_768:ag|sld_mod_ram_rom:mgl_prim1"
Info (12130): Elaborated megafunction instantiation "lpm_constant2:inst6|lpm_constant:LPM_CONSTANT_component|lpm_constant_768:ag|sld_mod_ram_rom:mgl_prim1"
Info (12133): Instantiated megafunction "lpm_constant2:inst6|lpm_constant:LPM_CONSTANT_component|lpm_constant_768:ag|sld_mod_ram_rom:mgl_prim1" with the following parameter:
    Info (12134): Parameter "CVALUE" = "0"
    Info (12134): Parameter "IS_DATA_IN_RAM" = "0"
    Info (12134): Parameter "IS_READABLE" = "0"
    Info (12134): Parameter "NODE_NAME" = "1227948032"
    Info (12134): Parameter "NUMWORDS" = "1"
    Info (12134): Parameter "SHIFT_COUNT_BITS" = "1"
    Info (12134): Parameter "WIDTH_WORD" = "1"
    Info (12134): Parameter "WIDTHAD" = "1"
Info (12128): Elaborating entity "lpm_constant3" for hierarchy "lpm_constant3:inst7"
Info (12128): Elaborating entity "lpm_constant" for hierarchy "lpm_constant3:inst7|lpm_constant:LPM_CONSTANT_component"
Info (12130): Elaborated megafunction instantiation "lpm_constant3:inst7|lpm_constant:LPM_CONSTANT_component"
Info (12133): Instantiated megafunction "lpm_constant3:inst7|lpm_constant:LPM_CONSTANT_component" with the following parameter:
    Info (12134): Parameter "lpm_cvalue" = "0"
    Info (12134): Parameter "lpm_hint" = "ENABLE_RUNTIME_MOD=YES, INSTANCE_NAME=I0"
    Info (12134): Parameter "lpm_type" = "LPM_CONSTANT"
    Info (12134): Parameter "lpm_width" = "1"
Info (12021): Found 1 design units, including 1 entities, in source file db/lpm_constant_668.tdf
    Info (12023): Found entity 1: lpm_constant_668
Info (12128): Elaborating entity "lpm_constant_668" for hierarchy "lpm_constant3:inst7|lpm_constant:LPM_CONSTANT_component|lpm_constant_668:ag"
Info (12128): Elaborating entity "sld_mod_ram_rom" for hierarchy "lpm_constant3:inst7|lpm_constant:LPM_CONSTANT_component|lpm_constant_668:ag|sld_mod_ram_rom:mgl_prim1"
Info (12130): Elaborated megafunction instantiation "lpm_constant3:inst7|lpm_constant:LPM_CONSTANT_component|lpm_constant_668:ag|sld_mod_ram_rom:mgl_prim1"
Info (12133): Instantiated megafunction "lpm_constant3:inst7|lpm_constant:LPM_CONSTANT_component|lpm_constant_668:ag|sld_mod_ram_rom:mgl_prim1" with the following parameter:
    Info (12134): Parameter "CVALUE" = "0"
    Info (12134): Parameter "IS_DATA_IN_RAM" = "0"
    Info (12134): Parameter "IS_READABLE" = "0"
    Info (12134): Parameter "NODE_NAME" = "1227882496"
    Info (12134): Parameter "NUMWORDS" = "1"
    Info (12134): Parameter "SHIFT_COUNT_BITS" = "1"
    Info (12134): Parameter "WIDTH_WORD" = "1"
    Info (12134): Parameter "WIDTHAD" = "1"
Info (16010): Generating hard_block partition "hard_block:auto_generated_inst"
Info (21057): Implemented 452 device resources after synthesis - the final resource count might be different
    Info (21058): Implemented 8 input pins
    Info (21059): Implemented 13 output pins
    Info (21061): Implemented 430 logic cells
Info: Quartus II 32-bit Analysis & Synthesis was successful. 0 errors, 3 warnings
    Info: Peak virtual memory: 359 megabytes
    Info: Processing ended: Sun Apr 09 14:30:42 2017
    Info: Elapsed time: 00:00:11
    Info: Total CPU time (on all processors): 00:00:06


