Flow report for part5
Sun Apr 09 14:32:04 2017
Quartus II 32-bit Version 11.1 Build 259 01/25/2012 Service Pack 2 SJ Web Edition


---------------------
; Table of Contents ;
---------------------
  1. Legal Notice
  2. Flow Summary
  3. Flow Settings
  4. Flow Non-Default Global Settings
  5. Flow Elapsed Time
  6. Flow OS Summary
  7. Flow Log



----------------
; Legal Notice ;
----------------
Copyright (C) 1991-2011 Altera Corporation
Your use of Altera Corporation's design tools, logic functions 
and other software and tools, and its AMPP partner logic 
functions, and any output files from any of the foregoing 
(including device programming or simulation files), and any 
associated documentation or information are expressly subject 
to the terms and conditions of the Altera Program License 
Subscription Agreement, Altera MegaCore Function License 
Agreement, or other applicable license agreement, including, 
without limitation, that your use is for the sole purpose of 
programming logic devices manufactured by Altera and sold by 
Altera or its authorized distributors.  Please refer to the 
applicable agreement for further details.



+------------------------------------------------------------------------------------+
; Flow Summary                                                                       ;
+------------------------------------+-----------------------------------------------+
; Flow Status                        ; Successful - Sun Apr 09 14:32:03 2017         ;
; Quartus II 32-bit Version          ; 11.1 Build 259 01/25/2012 SP 2 SJ Web Edition ;
; Revision Name                      ; part5                                         ;
; Top-level Entity Name              ; part5                                         ;
; Family                             ; Cyclone II                                    ;
; Device                             ; EP2C5T144C8                                   ;
; Timing Models                      ; Final                                         ;
; Total logic elements               ; 416 / 4,608 ( 9 % )                           ;
;     Total combinational functions  ; 408 / 4,608 ( 9 % )                           ;
;     Dedicated logic registers      ; 199 / 4,608 ( 4 % )                           ;
; Total registers                    ; 199                                           ;
; Total pins                         ; 17 / 89 ( 19 % )                              ;
; Total virtual pins                 ; 0                                             ;
; Total memory bits                  ; 0 / 119,808 ( 0 % )                           ;
; Embedded Multiplier 9-bit elements ; 0 / 26 ( 0 % )                                ;
; Total PLLs                         ; 0 / 2 ( 0 % )                                 ;
+------------------------------------+-----------------------------------------------+


+-----------------------------------------+
; Flow Settings                           ;
+-------------------+---------------------+
; Option            ; Setting             ;
+-------------------+---------------------+
; Start date & time ; 04/09/2017 14:31:49 ;
; Main task         ; Compilation         ;
; Revision Name     ; part5               ;
+-------------------+---------------------+


+------------------------------------------------------------------------------------------------------------------------+
; Flow Non-Default Global Settings                                                                                       ;
+-------------------------------------+---------------------------------------+---------------+-------------+------------+
; Assignment Name                     ; Value                                 ; Default Value ; Entity Name ; Section Id ;
+-------------------------------------+---------------------------------------+---------------+-------------+------------+
; COMPILER_SIGNATURE_ID               ; 61986976660645.149171410811080        ; --            ; --          ; --         ;
; IP_TOOL_NAME                        ; LPM_CONSTANT                          ; --            ; --          ; --         ;
; IP_TOOL_NAME                        ; LPM_CONSTANT                          ; --            ; --          ; --         ;
; IP_TOOL_NAME                        ; LPM_CONSTANT                          ; --            ; --          ; --         ;
; IP_TOOL_NAME                        ; LPM_CONSTANT                          ; --            ; --          ; --         ;
; IP_TOOL_NAME                        ; LPM_CONSTANT                          ; --            ; --          ; --         ;
; IP_TOOL_VERSION                     ; 11.1                                  ; --            ; --          ; --         ;
; IP_TOOL_VERSION                     ; 11.1                                  ; --            ; --          ; --         ;
; IP_TOOL_VERSION                     ; 11.1                                  ; --            ; --          ; --         ;
; IP_TOOL_VERSION                     ; 11.1                                  ; --            ; --          ; --         ;
; IP_TOOL_VERSION                     ; 11.1                                  ; --            ; --          ; --         ;
; MAX_CORE_JUNCTION_TEMP              ; 85                                    ; --            ; --          ; --         ;
; MIN_CORE_JUNCTION_TEMP              ; 0                                     ; --            ; --          ; --         ;
; MISC_FILE                           ; lpm_constant0.bsf                     ; --            ; --          ; --         ;
; MISC_FILE                           ; lpm_constant0.cmp                     ; --            ; --          ; --         ;
; MISC_FILE                           ; lpm_constant1.bsf                     ; --            ; --          ; --         ;
; MISC_FILE                           ; lpm_constant1.cmp                     ; --            ; --          ; --         ;
; MISC_FILE                           ; lpm_constant2.bsf                     ; --            ; --          ; --         ;
; MISC_FILE                           ; lpm_constant2.cmp                     ; --            ; --          ; --         ;
; MISC_FILE                           ; lpm_constant3.bsf                     ; --            ; --          ; --         ;
; MISC_FILE                           ; lpm_constant3.cmp                     ; --            ; --          ; --         ;
; MISC_FILE                           ; lpm_constant4.bsf                     ; --            ; --          ; --         ;
; MISC_FILE                           ; lpm_constant4.cmp                     ; --            ; --          ; --         ;
; PARTITION_COLOR                     ; 16764057                              ; --            ; --          ; Top        ;
; PARTITION_FITTER_PRESERVATION_LEVEL ; PLACEMENT_AND_ROUTING                 ; --            ; --          ; Top        ;
; PARTITION_NETLIST_TYPE              ; SOURCE                                ; --            ; --          ; Top        ;
; POWER_BOARD_THERMAL_MODEL           ; None (CONSERVATIVE)                   ; --            ; --          ; --         ;
; POWER_PRESET_COOLING_SOLUTION       ; 23 MM HEAT SINK WITH 200 LFPM AIRFLOW ; --            ; --          ; --         ;
+-------------------------------------+---------------------------------------+---------------+-------------+------------+


+-------------------------------------------------------------------------------------------------------------------------------+
; Flow Elapsed Time                                                                                                             ;
+---------------------------+--------------+-------------------------+---------------------+------------------------------------+
; Module Name               ; Elapsed Time ; Average Processors Used ; Peak Virtual Memory ; Total CPU Time (on all processors) ;
+---------------------------+--------------+-------------------------+---------------------+------------------------------------+
; Analysis & Synthesis      ; 00:00:08     ; 1.0                     ; 359 MB              ; 00:00:07                           ;
; Fitter                    ; 00:00:03     ; 1.0                     ; 385 MB              ; 00:00:02                           ;
; Assembler                 ; 00:00:02     ; 1.0                     ; 311 MB              ; 00:00:01                           ;
; TimeQuest Timing Analyzer ; 00:00:03     ; 1.0                     ; 306 MB              ; 00:00:02                           ;
; Total                     ; 00:00:16     ; --                      ; --                  ; 00:00:12                           ;
+---------------------------+--------------+-------------------------+---------------------+------------------------------------+


+----------------------------------------------------------------------------------------+
; Flow OS Summary                                                                        ;
+---------------------------+------------------+-----------+------------+----------------+
; Module Name               ; Machine Hostname ; OS Name   ; OS Version ; Processor type ;
+---------------------------+------------------+-----------+------------+----------------+
; Analysis & Synthesis      ; Labyrinth        ; Windows 7 ; 6.2        ; x86_64         ;
; Fitter                    ; Labyrinth        ; Windows 7 ; 6.2        ; x86_64         ;
; Assembler                 ; Labyrinth        ; Windows 7 ; 6.2        ; x86_64         ;
; TimeQuest Timing Analyzer ; Labyrinth        ; Windows 7 ; 6.2        ; x86_64         ;
+---------------------------+------------------+-----------+------------+----------------+


------------
; Flow Log ;
------------
quartus_map --read_settings_files=on --write_settings_files=off part5 -c part5
quartus_fit --read_settings_files=off --write_settings_files=off part5 -c part5
quartus_asm --read_settings_files=off --write_settings_files=off part5 -c part5
quartus_sta part5 -c part5



